easy-cluster /xdisk/barberan/mtoucedasuarez/landuse/virus/cluster_dbs/species_vs_soil.fasta species_vs_soil tmp --min-seq-id 0.95 --cov-mode 1 -c 0.7 --threads 94 

MMseqs Version:                     	13.45111
Substitution matrix                 	nucl:nucleotide.out,aa:blosum62.out
Seed substitution matrix            	nucl:nucleotide.out,aa:VTML80.out
Sensitivity                         	4
k-mer length                        	0
k-score                             	2147483647
Alphabet size                       	nucl:5,aa:21
Max sequence length                 	65535
Max results per query               	20
Split database                      	0
Split mode                          	2
Split memory limit                  	0
Coverage threshold                  	0.7
Coverage mode                       	1
Compositional bias                  	1
Diagonal scoring                    	true
Exact k-mer matching                	0
Mask residues                       	1
Mask lower case residues            	0
Minimum diagonal score              	15
Include identical seq. id.          	false
Spaced k-mers                       	1
Preload mode                        	0
Pseudo count a                      	1
Pseudo count b                      	1.5
Spaced k-mer pattern                	
Local temporary path                	
Threads                             	94
Compressed                          	0
Verbosity                           	3
Add backtrace                       	false
Alignment mode                      	3
Alignment mode                      	0
Allow wrapped scoring               	false
E-value threshold                   	0.001
Seq. id. threshold                  	0.95
Min alignment length                	0
Seq. id. mode                       	0
Alternative alignments              	0
Max reject                          	2147483647
Max accept                          	2147483647
Score bias                          	0
Realign hits                        	false
Realign score bias                  	-0.2
Realign max seqs                    	2147483647
Gap open cost                       	nucl:5,aa:11
Gap extension cost                  	nucl:2,aa:1
Zdrop                               	40
Rescore mode                        	0
Remove hits by seq. id. and coverage	false
Sort results                        	0
Cluster mode                        	0
Max connected component depth       	1000
Similarity type                     	2
Single step clustering              	false
Cascaded clustering steps           	3
Cluster reassign                    	false
Remove temporary files              	true
Force restart with latest tmp       	false
MPI runner                          	
k-mers per sequence                 	21
Scale k-mers per sequence           	nucl:0.200,aa:0.000
Adjust k-mer length                 	false
Shift hash                          	67
Include only extendable             	false
Skip repeating k-mers               	false
Database type                       	0
Shuffle input database              	true
Createdb mode                       	1
Write lookup file                   	0
Offset of numeric ids               	0

createdb /xdisk/barberan/mtoucedasuarez/landuse/virus/cluster_dbs/species_vs_soil.fasta tmp/14078348184133005763/input --dbtype 0 --shuffle 1 --createdb-mode 1 --write-lookup 0 --id-offset 0 --compressed 0 -v 3 

Shuffle database cannot be combined with --createdb-mode 0
We recompute with --shuffle 0
Converting sequences
[====================
Time for merging to input_h: 0h 0m 0s 6ms
Time for merging to input: 0h 0m 0s 4ms
Database type: Nucleotide
Time for processing: 0h 0m 3s 826ms
Create directory tmp/14078348184133005763/clu_tmp
cluster tmp/14078348184133005763/input tmp/14078348184133005763/clu tmp/14078348184133005763/clu_tmp --max-seqs 20 -c 0.7 --cov-mode 1 --spaced-kmer-mode 1 --threads 94 --alignment-mode 3 -e 0.001 --min-seq-id 0.95 --remove-tmp-files 1 

Set cluster sensitivity to -s 1.000000
Set cluster mode GREEDY MEM
Set cluster iterations to 1
linclust tmp/14078348184133005763/input tmp/14078348184133005763/clu_tmp/3210485794785424452/clu_redundancy tmp/14078348184133005763/clu_tmp/3210485794785424452/linclust --cluster-mode 3 --max-iterations 1000 --similarity-type 2 --threads 94 --compressed 0 -v 3 --sub-mat nucl:nucleotide.out,aa:blosum62.out -a 0 --alignment-mode 3 --alignment-output-mode 0 --wrapped-scoring 0 -e 0.001 --min-seq-id 0.95 --min-aln-len 0 --seq-id-mode 0 --alt-ali 0 -c 0.7 --cov-mode 1 --max-seq-len 10000 --comp-bias-corr 0 --max-rejected 2147483647 --max-accept 2147483647 --add-self-matches 0 --db-load-mode 0 --pca 1 --pcb 1.5 --score-bias 0 --realign 0 --realign-score-bias -0.2 --realign-max-seqs 2147483647 --gap-open nucl:5,aa:11 --gap-extend nucl:2,aa:1 --zdrop 40 --alph-size nucl:5,aa:21 --kmer-per-seq 21 --spaced-kmer-mode 1 --kmer-per-seq-scale nucl:0.200,aa:0.000 --adjust-kmer-len 0 --mask 1 --mask-lower-case 0 -k 0 --hash-shift 67 --split-memory-limit 0 --include-only-extendable 0 --ignore-multi-kmer 0 --rescore-mode 0 --filter-hits 0 --sort-results 0 --remove-tmp-files 1 --force-reuse 0 

kmermatcher tmp/14078348184133005763/input tmp/14078348184133005763/clu_tmp/3210485794785424452/linclust/6751336920397103046/pref --sub-mat nucl:nucleotide.out,aa:blosum62.out --alph-size nucl:5,aa:21 --min-seq-id 0.95 --kmer-per-seq 21 --spaced-kmer-mode 1 --kmer-per-seq-scale nucl:0.200,aa:0.000 --adjust-kmer-len 0 --mask 1 --mask-lower-case 0 --cov-mode 1 -k 0 -c 0.7 --max-seq-len 10000 --hash-shift 67 --split-memory-limit 0 --include-only-extendable 0 --ignore-multi-kmer 0 --threads 94 --compressed 0 -v 3 

kmermatcher tmp/14078348184133005763/input tmp/14078348184133005763/clu_tmp/3210485794785424452/linclust/6751336920397103046/pref --sub-mat nucl:nucleotide.out,aa:blosum62.out --alph-size nucl:5,aa:21 --min-seq-id 0.95 --kmer-per-seq 21 --spaced-kmer-mode 1 --kmer-per-seq-scale nucl:0.200,aa:0.000 --adjust-kmer-len 0 --mask 1 --mask-lower-case 0 --cov-mode 1 -k 0 -c 0.7 --max-seq-len 10000 --hash-shift 67 --split-memory-limit 0 --include-only-extendable 0 --ignore-multi-kmer 0 --threads 94 --compressed 0 -v 3 

Database size: 207433 type: Nucleotide

Generate k-mers list for 1 split
[=================================================================] 207.43K 6s 765ms

Adjusted k-mer length 17
Sort kmer 0h 0m 2s 336ms
Sort by rep. sequence 0h 0m 0s 920ms
Time for fill: 0h 0m 7s 108ms
Time for merging to pref: 0h 0m 0s 6ms
Time for processing: 0h 0m 25s 113ms
rescorediagonal tmp/14078348184133005763/input tmp/14078348184133005763/input tmp/14078348184133005763/clu_tmp/3210485794785424452/linclust/6751336920397103046/pref tmp/14078348184133005763/clu_tmp/3210485794785424452/linclust/6751336920397103046/pref_rescore1 --sub-mat nucl:nucleotide.out,aa:blosum62.out --rescore-mode 0 --wrapped-scoring 0 --filter-hits 0 -e 0.001 -c 0.7 -a 0 --cov-mode 1 --min-seq-id 0.95 --min-aln-len 0 --seq-id-mode 0 --add-self-matches 0 --sort-results 0 --db-load-mode 0 --threads 94 --compressed 0 -v 3 

[=================================================================] 207.43K 25s 744ms
Time for merging to pref_rescore1: 0h 0m 0s 366ms
Time for processing: 0h 0m 27s 963ms
clust tmp/14078348184133005763/input tmp/14078348184133005763/clu_tmp/3210485794785424452/linclust/6751336920397103046/pref_rescore1 tmp/14078348184133005763/clu_tmp/3210485794785424452/linclust/6751336920397103046/pre_clust --cluster-mode 3 --max-iterations 1000 --similarity-type 2 --threads 94 --compressed 0 -v 3 

Clustering mode: Greedy Low Mem
Total time: 0h 0m 0s 139ms

Size of the sequence database: 207433
Size of the alignment database: 207433
Number of clusters: 206229

Writing results 0h 0m 0s 23ms
Time for merging to pre_clust: 0h 0m 0s 6ms
Time for processing: 0h 0m 0s 299ms
createsubdb tmp/14078348184133005763/clu_tmp/3210485794785424452/linclust/6751336920397103046/order_redundancy tmp/14078348184133005763/input tmp/14078348184133005763/clu_tmp/3210485794785424452/linclust/6751336920397103046/input_step_redundancy -v 3 --subdb-mode 1 

Time for merging to input_step_redundancy: 0h 0m 0s 5ms
Time for processing: 0h 0m 0s 104ms
createsubdb tmp/14078348184133005763/clu_tmp/3210485794785424452/linclust/6751336920397103046/order_redundancy tmp/14078348184133005763/clu_tmp/3210485794785424452/linclust/6751336920397103046/pref tmp/14078348184133005763/clu_tmp/3210485794785424452/linclust/6751336920397103046/pref_filter1 -v 3 --subdb-mode 1 

Time for merging to pref_filter1: 0h 0m 0s 4ms
Time for processing: 0h 0m 0s 94ms
filterdb tmp/14078348184133005763/clu_tmp/3210485794785424452/linclust/6751336920397103046/pref_filter1 tmp/14078348184133005763/clu_tmp/3210485794785424452/linclust/6751336920397103046/pref_filter2 --filter-file tmp/14078348184133005763/clu_tmp/3210485794785424452/linclust/6751336920397103046/order_redundancy --threads 94 --compressed 0 -v 3 

Filtering using file(s)
[=================================================================] 206.23K 0s 484ms
Time for merging to pref_filter2: 0h 0m 0s 445ms
Time for processing: 0h 0m 4s 825ms
align tmp/14078348184133005763/clu_tmp/3210485794785424452/linclust/6751336920397103046/input_step_redundancy tmp/14078348184133005763/clu_tmp/3210485794785424452/linclust/6751336920397103046/input_step_redundancy tmp/14078348184133005763/clu_tmp/3210485794785424452/linclust/6751336920397103046/pref_filter2 tmp/14078348184133005763/clu_tmp/3210485794785424452/linclust/6751336920397103046/aln --sub-mat nucl:nucleotide.out,aa:blosum62.out -a 0 --alignment-mode 3 --alignment-output-mode 0 --wrapped-scoring 0 -e 0.001 --min-seq-id 0.95 --min-aln-len 0 --seq-id-mode 0 --alt-ali 0 -c 0.7 --cov-mode 1 --max-seq-len 10000 --comp-bias-corr 0 --max-rejected 2147483647 --max-accept 2147483647 --add-self-matches 0 --db-load-mode 0 --pca 1 --pcb 1.5 --score-bias 0 --realign 0 --realign-score-bias -0.2 --realign-max-seqs 2147483647 --gap-open nucl:5,aa:11 --gap-extend nucl:2,aa:1 --zdrop 40 --threads 94 --compressed 0 -v 3 

Compute score, coverage and sequence identity
Query database size: 206229 type: Nucleotide
Target database size: 206229 type: Nucleotide
Calculation of alignments
[=================================================================] 206.23K 4m 34s 915ms
Time for merging to aln: 0h 0m 0s 406ms
137490103 alignments calculated
206907 sequence pairs passed the thresholds (0.001505 of overall calculated)
1.003288 hits per query sequence
Time for processing: 0h 4m 36s 725ms
clust tmp/14078348184133005763/clu_tmp/3210485794785424452/linclust/6751336920397103046/input_step_redundancy tmp/14078348184133005763/clu_tmp/3210485794785424452/linclust/6751336920397103046/aln tmp/14078348184133005763/clu_tmp/3210485794785424452/linclust/6751336920397103046/clust --cluster-mode 3 --max-iterations 1000 --similarity-type 2 --threads 94 --compressed 0 -v 3 

Clustering mode: Greedy Low Mem
Total time: 0h 0m 0s 122ms

Size of the sequence database: 206229
Size of the alignment database: 206229
Number of clusters: 205579

Writing results 0h 0m 0s 23ms
Time for merging to clust: 0h 0m 0s 5ms
Time for processing: 0h 0m 0s 292ms
mergeclusters tmp/14078348184133005763/input tmp/14078348184133005763/clu_tmp/3210485794785424452/clu_redundancy tmp/14078348184133005763/clu_tmp/3210485794785424452/linclust/6751336920397103046/pre_clust tmp/14078348184133005763/clu_tmp/3210485794785424452/linclust/6751336920397103046/clust --threads 94 --compressed 0 -v 3 

Clustering step 1
[=================================================================] 206.23K 0s 54ms
Clustering step 2
[=================================================================] 205.58K 0s 138ms
Write merged clustering
[=================================================================] 207.43K 0s 598ms
Time for merging to clu_redundancy: 0h 0m 0s 363ms
Time for processing: 0h 0m 1s 250ms
rmdb tmp/14078348184133005763/clu_tmp/3210485794785424452/linclust/6751336920397103046/pref_filter1 -v 3 

Time for processing: 0h 0m 0s 12ms
rmdb tmp/14078348184133005763/clu_tmp/3210485794785424452/linclust/6751336920397103046/pref -v 3 

Time for processing: 0h 0m 0s 154ms
rmdb tmp/14078348184133005763/clu_tmp/3210485794785424452/linclust/6751336920397103046/pref_rescore1 -v 3 

Time for processing: 0h 0m 0s 266ms
rmdb tmp/14078348184133005763/clu_tmp/3210485794785424452/linclust/6751336920397103046/pre_clust -v 3 

Time for processing: 0h 0m 0s 8ms
rmdb tmp/14078348184133005763/clu_tmp/3210485794785424452/linclust/6751336920397103046/input_step_redundancy -v 3 

Time for processing: 0h 0m 0s 11ms
rmdb tmp/14078348184133005763/clu_tmp/3210485794785424452/linclust/6751336920397103046/input_step_redundancy_h -v 3 

Time for processing: 0h 0m 0s 7ms
rmdb tmp/14078348184133005763/clu_tmp/3210485794785424452/linclust/6751336920397103046/pref_filter2 -v 3 

Time for processing: 0h 0m 0s 581ms
rmdb tmp/14078348184133005763/clu_tmp/3210485794785424452/linclust/6751336920397103046/aln -v 3 

Time for processing: 0h 0m 0s 184ms
rmdb tmp/14078348184133005763/clu_tmp/3210485794785424452/linclust/6751336920397103046/clust -v 3 

Time for processing: 0h 0m 0s 8ms
createsubdb tmp/14078348184133005763/clu_tmp/3210485794785424452/clu_redundancy tmp/14078348184133005763/input tmp/14078348184133005763/clu_tmp/3210485794785424452/input_step_redundancy -v 3 --subdb-mode 1 

Time for merging to input_step_redundancy: 0h 0m 0s 4ms
Time for processing: 0h 0m 0s 75ms
extractframes tmp/14078348184133005763/clu_tmp/3210485794785424452/input_step_redundancy tmp/14078348184133005763/clu_tmp/3210485794785424452/query_seqs --forward-frames 1 --reverse-frames 1 --create-lookup 0 --threads 94 --compressed 0 -v 3 

[=================================================================] 205.58K 0s 335ms
Time for merging to query_seqs_h: 0h 0m 0s 588ms
Time for merging to query_seqs: 0h 0m 7s 816ms
Time for processing: 0h 0m 16s 538ms
prefilter tmp/14078348184133005763/clu_tmp/3210485794785424452/query_seqs tmp/14078348184133005763/clu_tmp/3210485794785424452/input_step_redundancy tmp/14078348184133005763/clu_tmp/3210485794785424452/pref --sub-mat nucl:nucleotide.out,aa:blosum62.out --seed-sub-mat nucl:nucleotide.out,aa:VTML80.out -s 1 -k 15 --k-score 2147483647 --alph-size nucl:5,aa:21 --max-seq-len 10000 --max-seqs 20 --split 0 --split-mode 2 --split-memory-limit 0 -c 0.7 --cov-mode 1 --comp-bias-corr 0 --diag-score 0 --exact-kmer-matching 1 --mask 1 --mask-lower-case 0 --min-ungapped-score 60 --add-self-matches 0 --spaced-kmer-mode 1 --db-load-mode 0 --pca 1 --pcb 1.5 --threads 94 --compressed 0 -v 3 

Query database size: 411158 type: Nucleotide
Estimated memory consumption: 28G
Target database size: 205579 type: Nucleotide
Index table k-mer threshold: 0 at k-mer size 15 
Index table: counting k-mers
[=================================================================] 205.58K 21s 61ms
Index table: Masked residues: 15602760
Index table: fill
[=================================================================] 205.58K 31s 871ms
Index statistics
Entries:          2976762996
DB size:          25225 MB
Avg k-mer size:   2.772327
Top 10 k-mers
    CGACCGGCGCGCGCG	764
    CGAGCGGCGCGCGCG	753
    CGAGCGGCAGGCGCG	736
    GCGCATGGTTCCTTG	700
    CGCGCGGCCGGCGCG	620
    CGAGCGGCCGGCGCG	601
    CGGGCGGCCGGCGCG	587
    CGCGCGGCAGGCGCG	569
    CGCGCGCGCGGCGCG	567
    CGAGCGACAGGCGCG	552
Time for index table init: 0h 0m 58s 220ms
Process prefiltering step 1 of 1

k-mer similarity threshold: 0
Starting prefiltering scores calculation (step 1 of 1)
Query db start 1 to 411158
Target db start 1 to 205579
[=================================================================] 411.16K 31s 317ms

0.995657 k-mers per position
119780 DB matches per sequence
333 overflows
0 queries produce too many hits (truncated result)
3 sequences passed prefiltering per query sequence
1 median result list length
97489 sequences with 0 size result lists
Time for merging to pref: 0h 0m 0s 454ms
Time for processing: 0h 1m 31s 394ms
rescorediagonal tmp/14078348184133005763/clu_tmp/3210485794785424452/query_seqs tmp/14078348184133005763/clu_tmp/3210485794785424452/input_step_redundancy tmp/14078348184133005763/clu_tmp/3210485794785424452/pref tmp/14078348184133005763/clu_tmp/3210485794785424452/aln_ungapped --sub-mat nucl:nucleotide.out,aa:blosum62.out --rescore-mode 2 --wrapped-scoring 0 --filter-hits 0 -e 0.001 -c 0.7 -a 0 --cov-mode 1 --min-seq-id 0.95 --min-aln-len 0 --seq-id-mode 0 --add-self-matches 0 --sort-results 0 --db-load-mode 0 --threads 94 --compressed 0 -v 3 

[=================================================================] 411.16K 0s 545ms
Time for merging to aln_ungapped: 0h 0m 0s 490ms
Time for processing: 0h 0m 2s 591ms
subtractdbs tmp/14078348184133005763/clu_tmp/3210485794785424452/pref tmp/14078348184133005763/clu_tmp/3210485794785424452/aln_ungapped tmp/14078348184133005763/clu_tmp/3210485794785424452/pref_subtract --threads 94 --compressed 0 -v 3 

subtractdbs tmp/14078348184133005763/clu_tmp/3210485794785424452/pref tmp/14078348184133005763/clu_tmp/3210485794785424452/aln_ungapped tmp/14078348184133005763/clu_tmp/3210485794785424452/pref_subtract --threads 94 --compressed 0 -v 3 

Remove tmp/14078348184133005763/clu_tmp/3210485794785424452/aln_ungapped ids from tmp/14078348184133005763/clu_tmp/3210485794785424452/pref
[=================================================================] 411.16K 0s 86ms
Time for merging to pref_subtract: 0h 0m 0s 477ms
Time for processing: 0h 0m 1s 430ms
align tmp/14078348184133005763/clu_tmp/3210485794785424452/query_seqs tmp/14078348184133005763/clu_tmp/3210485794785424452/input_step_redundancy tmp/14078348184133005763/clu_tmp/3210485794785424452/pref_subtract tmp/14078348184133005763/clu_tmp/3210485794785424452/aln_gapped --sub-mat nucl:nucleotide.out,aa:blosum62.out -a 0 --alignment-mode 3 --alignment-output-mode 0 --wrapped-scoring 0 -e 0.001 --min-seq-id 0.95 --min-aln-len 0 --seq-id-mode 0 --alt-ali 0 -c 0.7 --cov-mode 1 --max-seq-len 10000 --comp-bias-corr 0 --max-rejected 2147483647 --max-accept 2147483647 --add-self-matches 0 --db-load-mode 0 --pca 1 --pcb 1.5 --score-bias 0 --realign 0 --realign-score-bias -0.2 --realign-max-seqs 2147483647 --gap-open nucl:5,aa:11 --gap-extend nucl:2,aa:1 --zdrop 40 --threads 94 --compressed 0 -v 3 

Compute score, coverage and sequence identity
Query database size: 411158 type: Nucleotide
Target database size: 205579 type: Nucleotide
Calculation of alignments
[=================================================================] 411.16K 5s 213ms
Time for merging to aln_gapped: 0h 0m 0s 455ms
686610 alignments calculated
910 sequence pairs passed the thresholds (0.001325 of overall calculated)
0.002213 hits per query sequence
Time for processing: 0h 0m 6s 973ms
concatdbs tmp/14078348184133005763/clu_tmp/3210485794785424452/aln_ungapped tmp/14078348184133005763/clu_tmp/3210485794785424452/aln_gapped tmp/14078348184133005763/clu_tmp/3210485794785424452/aln --preserve-keys --take-larger-entry --threads 94 --compressed 0 -v 3 

[=================================================================] 411.16K 0s 35ms
[=================================================================] 411.16K 0s 81ms
Time for merging to aln: 0h 0m 0s 626ms
Time for processing: 0h 0m 1s 667ms
offsetalignment tmp/14078348184133005763/clu_tmp/3210485794785424452/input_step_redundancy tmp/14078348184133005763/clu_tmp/3210485794785424452/query_seqs tmp/14078348184133005763/clu_tmp/3210485794785424452/input_step_redundancy tmp/14078348184133005763/clu_tmp/3210485794785424452/input_step_redundancy tmp/14078348184133005763/clu_tmp/3210485794785424452/aln tmp/14078348184133005763/clu_tmp/3210485794785424452/aln_off --chain-alignments 0 --merge-query 1 --search-type 3 --threads 94 --compressed 0 --db-load-mode 0 -v 3 

Computing ORF lookup
Computing contig offsets
Computing contig lookup
Time for contig lookup: 0h 0m 0s 61ms
Writing results to: tmp/14078348184133005763/clu_tmp/3210485794785424452/aln_off
[=================================================================] 207.43K 0s 33ms

Time for merging to aln_off: 0h 0m 0s 410ms
Time for processing: 0h 0m 1s 731ms
clust tmp/14078348184133005763/clu_tmp/3210485794785424452/input_step_redundancy tmp/14078348184133005763/clu_tmp/3210485794785424452/aln_off tmp/14078348184133005763/clu_tmp/3210485794785424452/clu --cluster-mode 3 --max-iterations 1000 --similarity-type 2 --threads 94 --compressed 0 -v 3 

Clustering mode: Greedy Low Mem
Total time: 0h 0m 0s 120ms

Size of the sequence database: 205579
Size of the alignment database: 205579
Number of clusters: 203353

Writing results 0h 0m 0s 23ms
Time for merging to clu: 0h 0m 0s 5ms
Time for processing: 0h 0m 0s 282ms
mergeclusters tmp/14078348184133005763/input tmp/14078348184133005763/clu tmp/14078348184133005763/clu_tmp/3210485794785424452/clu_redundancy tmp/14078348184133005763/clu_tmp/3210485794785424452/clu --threads 94 --compressed 0 -v 3 

Clustering step 1
[=================================================================] 205.58K 0s 24ms
Clustering step 2
[=================================================================] 203.35K 0s 104ms
Write merged clustering
[=================================================================] 207.43K 0s 519ms
Time for merging to clu: 0h 0m 0s 388ms
Time for processing: 0h 0m 1s 353ms
rmdb tmp/14078348184133005763/clu_tmp/3210485794785424452/query_seqs -v 3 

Time for processing: 0h 0m 0s 440ms
rmdb tmp/14078348184133005763/clu_tmp/3210485794785424452/clu_redundancy -v 3 

Time for processing: 0h 0m 0s 298ms
rmdb tmp/14078348184133005763/clu_tmp/3210485794785424452/input_step_redundancy -v 3 

Time for processing: 0h 0m 0s 12ms
rmdb tmp/14078348184133005763/clu_tmp/3210485794785424452/perf -v 3 

Time for processing: 0h 0m 0s 1ms
rmdb tmp/14078348184133005763/clu_tmp/3210485794785424452/aln -v 3 

Time for processing: 0h 0m 0s 17ms
rmdb tmp/14078348184133005763/clu_tmp/3210485794785424452/aln_off -v 3 

Time for processing: 0h 0m 0s 234ms
rmdb tmp/14078348184133005763/clu_tmp/3210485794785424452/clu -v 3 

Time for processing: 0h 0m 0s 6ms
createtsv tmp/14078348184133005763/input tmp/14078348184133005763/input tmp/14078348184133005763/clu tmp/14078348184133005763/cluster.tsv --threads 94 -v 3 

Time for merging to cluster.tsv: 0h 0m 0s 608ms
Time for processing: 0h 0m 1s 851ms
result2repseq tmp/14078348184133005763/input tmp/14078348184133005763/clu tmp/14078348184133005763/clu_rep --db-load-mode 0 --compressed 0 --threads 94 -v 3 

[=================================================================] 203.35K 0s 93ms
Time for merging to clu_rep: 0h 0m 4s 195ms
Time for processing: 0h 0m 9s 261ms
result2flat tmp/14078348184133005763/input tmp/14078348184133005763/input tmp/14078348184133005763/clu_rep tmp/14078348184133005763/rep_seq.fasta --use-fasta-header -v 3 

Time for processing: 0h 0m 8s 633ms
createseqfiledb tmp/14078348184133005763/input tmp/14078348184133005763/clu tmp/14078348184133005763/clu_seqs --threads 94 -v 3 

[=================================================================] 203.35K 0s 164ms
Time for merging to clu_seqs: 0h 0m 0s 416ms
Time for processing: 0h 0m 5s 688ms
result2flat tmp/14078348184133005763/input tmp/14078348184133005763/input tmp/14078348184133005763/clu_seqs tmp/14078348184133005763/all_seqs.fasta -v 3 

Time for processing: 0h 0m 8s 970ms
rmdb tmp/14078348184133005763/input -v 3 

Time for processing: 0h 0m 0s 10ms
rmdb tmp/14078348184133005763/input_h -v 3 

Time for processing: 0h 0m 0s 8ms
rmdb tmp/14078348184133005763/clu_seqs -v 3 

Time for processing: 0h 0m 0s 418ms
rmdb tmp/14078348184133005763/clu_rep -v 3 

Time for processing: 0h 0m 0s 201ms
rmdb tmp/14078348184133005763/clu -v 3 

Time for processing: 0h 0m 0s 151ms
Detailed performance metrics for this job will be available at https://metrics.hpc.arizona.edu/#job_viewer?action=show&realm=SUPREMM&resource_id=73&local_job_id=7277753 by 8am on 2023/05/23.
