easy-cluster /xdisk/barberan/mtoucedasuarez/landuse/virus/cluster_dbs/species_vs_water.fasta species_vs_water tmp --min-seq-id 0.95 --cov-mode 1 -c 0.7 --threads 94 

MMseqs Version:                     	13.45111
Substitution matrix                 	nucl:nucleotide.out,aa:blosum62.out
Seed substitution matrix            	nucl:nucleotide.out,aa:VTML80.out
Sensitivity                         	4
k-mer length                        	0
k-score                             	2147483647
Alphabet size                       	nucl:5,aa:21
Max sequence length                 	65535
Max results per query               	20
Split database                      	0
Split mode                          	2
Split memory limit                  	0
Coverage threshold                  	0.7
Coverage mode                       	1
Compositional bias                  	1
Diagonal scoring                    	true
Exact k-mer matching                	0
Mask residues                       	1
Mask lower case residues            	0
Minimum diagonal score              	15
Include identical seq. id.          	false
Spaced k-mers                       	1
Preload mode                        	0
Pseudo count a                      	1
Pseudo count b                      	1.5
Spaced k-mer pattern                	
Local temporary path                	
Threads                             	94
Compressed                          	0
Verbosity                           	3
Add backtrace                       	false
Alignment mode                      	3
Alignment mode                      	0
Allow wrapped scoring               	false
E-value threshold                   	0.001
Seq. id. threshold                  	0.95
Min alignment length                	0
Seq. id. mode                       	0
Alternative alignments              	0
Max reject                          	2147483647
Max accept                          	2147483647
Score bias                          	0
Realign hits                        	false
Realign score bias                  	-0.2
Realign max seqs                    	2147483647
Gap open cost                       	nucl:5,aa:11
Gap extension cost                  	nucl:2,aa:1
Zdrop                               	40
Rescore mode                        	0
Remove hits by seq. id. and coverage	false
Sort results                        	0
Cluster mode                        	0
Max connected component depth       	1000
Similarity type                     	2
Single step clustering              	false
Cascaded clustering steps           	3
Cluster reassign                    	false
Remove temporary files              	true
Force restart with latest tmp       	false
MPI runner                          	
k-mers per sequence                 	21
Scale k-mers per sequence           	nucl:0.200,aa:0.000
Adjust k-mer length                 	false
Shift hash                          	67
Include only extendable             	false
Skip repeating k-mers               	false
Database type                       	0
Shuffle input database              	true
Createdb mode                       	1
Write lookup file                   	0
Offset of numeric ids               	0

createdb /xdisk/barberan/mtoucedasuarez/landuse/virus/cluster_dbs/species_vs_water.fasta tmp/10871686170271664427/input --dbtype 0 --shuffle 1 --createdb-mode 1 --write-lookup 0 --id-offset 0 --compressed 0 -v 3 

Shuffle database cannot be combined with --createdb-mode 0
We recompute with --shuffle 0
Converting sequences
[===
Time for merging to input_h: 0h 0m 0s 4ms
Time for merging to input: 0h 0m 0s 4ms
Database type: Nucleotide
Time for processing: 0h 0m 0s 899ms
Create directory tmp/10871686170271664427/clu_tmp
cluster tmp/10871686170271664427/input tmp/10871686170271664427/clu tmp/10871686170271664427/clu_tmp --max-seqs 20 -c 0.7 --cov-mode 1 --spaced-kmer-mode 1 --threads 94 --alignment-mode 3 -e 0.001 --min-seq-id 0.95 --remove-tmp-files 1 

Set cluster sensitivity to -s 1.000000
Set cluster mode GREEDY MEM
Set cluster iterations to 1
linclust tmp/10871686170271664427/input tmp/10871686170271664427/clu_tmp/10050237108928158466/clu_redundancy tmp/10871686170271664427/clu_tmp/10050237108928158466/linclust --cluster-mode 3 --max-iterations 1000 --similarity-type 2 --threads 94 --compressed 0 -v 3 --sub-mat nucl:nucleotide.out,aa:blosum62.out -a 0 --alignment-mode 3 --alignment-output-mode 0 --wrapped-scoring 0 -e 0.001 --min-seq-id 0.95 --min-aln-len 0 --seq-id-mode 0 --alt-ali 0 -c 0.7 --cov-mode 1 --max-seq-len 10000 --comp-bias-corr 0 --max-rejected 2147483647 --max-accept 2147483647 --add-self-matches 0 --db-load-mode 0 --pca 1 --pcb 1.5 --score-bias 0 --realign 0 --realign-score-bias -0.2 --realign-max-seqs 2147483647 --gap-open nucl:5,aa:11 --gap-extend nucl:2,aa:1 --zdrop 40 --alph-size nucl:5,aa:21 --kmer-per-seq 21 --spaced-kmer-mode 1 --kmer-per-seq-scale nucl:0.200,aa:0.000 --adjust-kmer-len 0 --mask 1 --mask-lower-case 0 -k 0 --hash-shift 67 --split-memory-limit 0 --include-only-extendable 0 --ignore-multi-kmer 0 --rescore-mode 0 --filter-hits 0 --sort-results 0 --remove-tmp-files 1 --force-reuse 0 

kmermatcher tmp/10871686170271664427/input tmp/10871686170271664427/clu_tmp/10050237108928158466/linclust/2952238109959579670/pref --sub-mat nucl:nucleotide.out,aa:blosum62.out --alph-size nucl:5,aa:21 --min-seq-id 0.95 --kmer-per-seq 21 --spaced-kmer-mode 1 --kmer-per-seq-scale nucl:0.200,aa:0.000 --adjust-kmer-len 0 --mask 1 --mask-lower-case 0 --cov-mode 1 -k 0 -c 0.7 --max-seq-len 10000 --hash-shift 67 --split-memory-limit 0 --include-only-extendable 0 --ignore-multi-kmer 0 --threads 94 --compressed 0 -v 3 

kmermatcher tmp/10871686170271664427/input tmp/10871686170271664427/clu_tmp/10050237108928158466/linclust/2952238109959579670/pref --sub-mat nucl:nucleotide.out,aa:blosum62.out --alph-size nucl:5,aa:21 --min-seq-id 0.95 --kmer-per-seq 21 --spaced-kmer-mode 1 --kmer-per-seq-scale nucl:0.200,aa:0.000 --adjust-kmer-len 0 --mask 1 --mask-lower-case 0 --cov-mode 1 -k 0 -c 0.7 --max-seq-len 10000 --hash-shift 67 --split-memory-limit 0 --include-only-extendable 0 --ignore-multi-kmer 0 --threads 94 --compressed 0 -v 3 

Database size: 33384 type: Nucleotide

Generate k-mers list for 1 split
[=================================================================] 33.38K 2s 494ms

Adjusted k-mer length 17
Sort kmer 0h 0m 0s 475ms
Sort by rep. sequence 0h 0m 0s 248ms
Time for fill: 0h 0m 0s 357ms
Time for merging to pref: 0h 0m 0s 5ms
Time for processing: 0h 0m 4s 516ms
rescorediagonal tmp/10871686170271664427/input tmp/10871686170271664427/input tmp/10871686170271664427/clu_tmp/10050237108928158466/linclust/2952238109959579670/pref tmp/10871686170271664427/clu_tmp/10050237108928158466/linclust/2952238109959579670/pref_rescore1 --sub-mat nucl:nucleotide.out,aa:blosum62.out --rescore-mode 0 --wrapped-scoring 0 --filter-hits 0 -e 0.001 -c 0.7 -a 0 --cov-mode 1 --min-seq-id 0.95 --min-aln-len 0 --seq-id-mode 0 --add-self-matches 0 --sort-results 0 --db-load-mode 0 --threads 94 --compressed 0 -v 3 

[=================================================================] 33.38K 1s 922ms
Time for merging to pref_rescore1: 0h 0m 0s 326ms
Time for processing: 0h 0m 3s 174ms
clust tmp/10871686170271664427/input tmp/10871686170271664427/clu_tmp/10050237108928158466/linclust/2952238109959579670/pref_rescore1 tmp/10871686170271664427/clu_tmp/10050237108928158466/linclust/2952238109959579670/pre_clust --cluster-mode 3 --max-iterations 1000 --similarity-type 2 --threads 94 --compressed 0 -v 3 

Clustering mode: Greedy Low Mem
Total time: 0h 0m 0s 45ms

Size of the sequence database: 33384
Size of the alignment database: 33384
Number of clusters: 33251

Writing results 0h 0m 0s 3ms
Time for merging to pre_clust: 0h 0m 0s 5ms
Time for processing: 0h 0m 0s 86ms
createsubdb tmp/10871686170271664427/clu_tmp/10050237108928158466/linclust/2952238109959579670/order_redundancy tmp/10871686170271664427/input tmp/10871686170271664427/clu_tmp/10050237108928158466/linclust/2952238109959579670/input_step_redundancy -v 3 --subdb-mode 1 

Time for merging to input_step_redundancy: 0h 0m 0s 4ms
Time for processing: 0h 0m 0s 34ms
createsubdb tmp/10871686170271664427/clu_tmp/10050237108928158466/linclust/2952238109959579670/order_redundancy tmp/10871686170271664427/clu_tmp/10050237108928158466/linclust/2952238109959579670/pref tmp/10871686170271664427/clu_tmp/10050237108928158466/linclust/2952238109959579670/pref_filter1 -v 3 --subdb-mode 1 

Time for merging to pref_filter1: 0h 0m 0s 4ms
Time for processing: 0h 0m 0s 28ms
filterdb tmp/10871686170271664427/clu_tmp/10050237108928158466/linclust/2952238109959579670/pref_filter1 tmp/10871686170271664427/clu_tmp/10050237108928158466/linclust/2952238109959579670/pref_filter2 --filter-file tmp/10871686170271664427/clu_tmp/10050237108928158466/linclust/2952238109959579670/order_redundancy --threads 94 --compressed 0 -v 3 

Filtering using file(s)
[=================================================================] 33.25K 0s 35ms
Time for merging to pref_filter2: 0h 0m 0s 335ms
Time for processing: 0h 0m 1s 302ms
align tmp/10871686170271664427/clu_tmp/10050237108928158466/linclust/2952238109959579670/input_step_redundancy tmp/10871686170271664427/clu_tmp/10050237108928158466/linclust/2952238109959579670/input_step_redundancy tmp/10871686170271664427/clu_tmp/10050237108928158466/linclust/2952238109959579670/pref_filter2 tmp/10871686170271664427/clu_tmp/10050237108928158466/linclust/2952238109959579670/aln --sub-mat nucl:nucleotide.out,aa:blosum62.out -a 0 --alignment-mode 3 --alignment-output-mode 0 --wrapped-scoring 0 -e 0.001 --min-seq-id 0.95 --min-aln-len 0 --seq-id-mode 0 --alt-ali 0 -c 0.7 --cov-mode 1 --max-seq-len 10000 --comp-bias-corr 0 --max-rejected 2147483647 --max-accept 2147483647 --add-self-matches 0 --db-load-mode 0 --pca 1 --pcb 1.5 --score-bias 0 --realign 0 --realign-score-bias -0.2 --realign-max-seqs 2147483647 --gap-open nucl:5,aa:11 --gap-extend nucl:2,aa:1 --zdrop 40 --threads 94 --compressed 0 -v 3 

Compute score, coverage and sequence identity
Query database size: 33251 type: Nucleotide
Target database size: 33251 type: Nucleotide
Calculation of alignments
[=================================================================] 33.25K 12s 24ms
Time for merging to aln: 0h 0m 0s 335ms
6051344 alignments calculated
33417 sequence pairs passed the thresholds (0.005522 of overall calculated)
1.004992 hits per query sequence
Time for processing: 0h 0m 13s 760ms
clust tmp/10871686170271664427/clu_tmp/10050237108928158466/linclust/2952238109959579670/input_step_redundancy tmp/10871686170271664427/clu_tmp/10050237108928158466/linclust/2952238109959579670/aln tmp/10871686170271664427/clu_tmp/10050237108928158466/linclust/2952238109959579670/clust --cluster-mode 3 --max-iterations 1000 --similarity-type 2 --threads 94 --compressed 0 -v 3 

Clustering mode: Greedy Low Mem
Total time: 0h 0m 0s 45ms

Size of the sequence database: 33251
Size of the alignment database: 33251
Number of clusters: 33091

Writing results 0h 0m 0s 3ms
Time for merging to clust: 0h 0m 0s 5ms
Time for processing: 0h 0m 0s 87ms
mergeclusters tmp/10871686170271664427/input tmp/10871686170271664427/clu_tmp/10050237108928158466/clu_redundancy tmp/10871686170271664427/clu_tmp/10050237108928158466/linclust/2952238109959579670/pre_clust tmp/10871686170271664427/clu_tmp/10050237108928158466/linclust/2952238109959579670/clust --threads 94 --compressed 0 -v 3 

Clustering step 1
[=================================================================] 33.25K 0s 20ms
Clustering step 2
[=================================================================] 33.09K 0s 59ms
Write merged clustering
[=================================================================] 33.38K 0s 412ms
Time for merging to clu_redundancy: 0h 0m 0s 317ms
Time for processing: 0h 0m 0s 990ms
rmdb tmp/10871686170271664427/clu_tmp/10050237108928158466/linclust/2952238109959579670/pref_filter1 -v 3 

Time for processing: 0h 0m 0s 6ms
rmdb tmp/10871686170271664427/clu_tmp/10050237108928158466/linclust/2952238109959579670/pref -v 3 

Time for processing: 0h 0m 0s 15ms
rmdb tmp/10871686170271664427/clu_tmp/10050237108928158466/linclust/2952238109959579670/pref_rescore1 -v 3 

Time for processing: 0h 0m 0s 180ms
rmdb tmp/10871686170271664427/clu_tmp/10050237108928158466/linclust/2952238109959579670/pre_clust -v 3 

Time for processing: 0h 0m 0s 6ms
rmdb tmp/10871686170271664427/clu_tmp/10050237108928158466/linclust/2952238109959579670/input_step_redundancy -v 3 

Time for processing: 0h 0m 0s 7ms
rmdb tmp/10871686170271664427/clu_tmp/10050237108928158466/linclust/2952238109959579670/input_step_redundancy_h -v 3 

Time for processing: 0h 0m 0s 6ms
rmdb tmp/10871686170271664427/clu_tmp/10050237108928158466/linclust/2952238109959579670/pref_filter2 -v 3 

Time for processing: 0h 0m 0s 193ms
rmdb tmp/10871686170271664427/clu_tmp/10050237108928158466/linclust/2952238109959579670/aln -v 3 

Time for processing: 0h 0m 0s 148ms
rmdb tmp/10871686170271664427/clu_tmp/10050237108928158466/linclust/2952238109959579670/clust -v 3 

Time for processing: 0h 0m 0s 5ms
createsubdb tmp/10871686170271664427/clu_tmp/10050237108928158466/clu_redundancy tmp/10871686170271664427/input tmp/10871686170271664427/clu_tmp/10050237108928158466/input_step_redundancy -v 3 --subdb-mode 1 

Time for merging to input_step_redundancy: 0h 0m 0s 4ms
Time for processing: 0h 0m 0s 31ms
extractframes tmp/10871686170271664427/clu_tmp/10050237108928158466/input_step_redundancy tmp/10871686170271664427/clu_tmp/10050237108928158466/query_seqs --forward-frames 1 --reverse-frames 1 --create-lookup 0 --threads 94 --compressed 0 -v 3 

[=================================================================] 33.09K 0s 114ms
Time for merging to query_seqs_h: 0h 0m 0s 461ms
Time for merging to query_seqs: 0h 0m 1s 822ms
Time for processing: 0h 0m 5s 448ms
prefilter tmp/10871686170271664427/clu_tmp/10050237108928158466/query_seqs tmp/10871686170271664427/clu_tmp/10050237108928158466/input_step_redundancy tmp/10871686170271664427/clu_tmp/10050237108928158466/pref --sub-mat nucl:nucleotide.out,aa:blosum62.out --seed-sub-mat nucl:nucleotide.out,aa:VTML80.out -s 1 -k 15 --k-score 2147483647 --alph-size nucl:5,aa:21 --max-seq-len 10000 --max-seqs 20 --split 0 --split-mode 2 --split-memory-limit 0 -c 0.7 --cov-mode 1 --comp-bias-corr 0 --diag-score 0 --exact-kmer-matching 1 --mask 1 --mask-lower-case 0 --min-ungapped-score 60 --add-self-matches 0 --spaced-kmer-mode 1 --db-load-mode 0 --pca 1 --pcb 1.5 --threads 94 --compressed 0 -v 3 

Query database size: 66182 type: Nucleotide
Estimated memory consumption: 11G
Target database size: 33091 type: Nucleotide
Index table k-mer threshold: 0 at k-mer size 15 
Index table: counting k-mers
[=================================================================] 33.09K 5s 95ms
Index table: Masked residues: 2496648
Index table: fill
[=================================================================] 33.09K 8s 93ms
Index statistics
Entries:          533918233
DB size:          11247 MB
Avg k-mer size:   0.497250
Top 10 k-mers
    CGCGCGGCGCGCGCG	118
    CGAGCGGCAGGCGCG	107
    CGAGCGGCCGGCGCG	97
    CGAGCGTCAGGCGCG	84
    CGACCGGCAGGCGCG	80
    CGGGCGGCAGGCGCG	78
    CGAGCGAGAGGCGCG	75
    CGGGCGGCCGGCGCG	74
    CGCGCGCGCGGCGCG	74
    CGCGTGGCGCGTGCG	70
Time for index table init: 0h 0m 17s 652ms
Process prefiltering step 1 of 1

k-mer similarity threshold: 0
Starting prefiltering scores calculation (step 1 of 1)
Query db start 1 to 66182
Target db start 1 to 33091
[=================================================================] 66.18K 6s 573ms

0.995407 k-mers per position
29690 DB matches per sequence
0 overflows
0 queries produce too many hits (truncated result)
1 sequences passed prefiltering per query sequence
1 median result list length
18192 sequences with 0 size result lists
Time for merging to pref: 0h 0m 0s 303ms
Time for processing: 0h 0m 25s 481ms
rescorediagonal tmp/10871686170271664427/clu_tmp/10050237108928158466/query_seqs tmp/10871686170271664427/clu_tmp/10050237108928158466/input_step_redundancy tmp/10871686170271664427/clu_tmp/10050237108928158466/pref tmp/10871686170271664427/clu_tmp/10050237108928158466/aln_ungapped --sub-mat nucl:nucleotide.out,aa:blosum62.out --rescore-mode 2 --wrapped-scoring 0 --filter-hits 0 -e 0.001 -c 0.7 -a 0 --cov-mode 1 --min-seq-id 0.95 --min-aln-len 0 --seq-id-mode 0 --add-self-matches 0 --sort-results 0 --db-load-mode 0 --threads 94 --compressed 0 -v 3 

[=================================================================] 66.18K 0s 89ms
Time for merging to aln_ungapped: 0h 0m 0s 303ms
Time for processing: 0h 0m 1s 254ms
subtractdbs tmp/10871686170271664427/clu_tmp/10050237108928158466/pref tmp/10871686170271664427/clu_tmp/10050237108928158466/aln_ungapped tmp/10871686170271664427/clu_tmp/10050237108928158466/pref_subtract --threads 94 --compressed 0 -v 3 

subtractdbs tmp/10871686170271664427/clu_tmp/10050237108928158466/pref tmp/10871686170271664427/clu_tmp/10050237108928158466/aln_ungapped tmp/10871686170271664427/clu_tmp/10050237108928158466/pref_subtract --threads 94 --compressed 0 -v 3 

Remove tmp/10871686170271664427/clu_tmp/10050237108928158466/aln_ungapped ids from tmp/10871686170271664427/clu_tmp/10050237108928158466/pref
[=================================================================] 66.18K 0s 25ms
Time for merging to pref_subtract: 0h 0m 0s 310ms
Time for processing: 0h 0m 1s 67ms
align tmp/10871686170271664427/clu_tmp/10050237108928158466/query_seqs tmp/10871686170271664427/clu_tmp/10050237108928158466/input_step_redundancy tmp/10871686170271664427/clu_tmp/10050237108928158466/pref_subtract tmp/10871686170271664427/clu_tmp/10050237108928158466/aln_gapped --sub-mat nucl:nucleotide.out,aa:blosum62.out -a 0 --alignment-mode 3 --alignment-output-mode 0 --wrapped-scoring 0 -e 0.001 --min-seq-id 0.95 --min-aln-len 0 --seq-id-mode 0 --alt-ali 0 -c 0.7 --cov-mode 1 --max-seq-len 10000 --comp-bias-corr 0 --max-rejected 2147483647 --max-accept 2147483647 --add-self-matches 0 --db-load-mode 0 --pca 1 --pcb 1.5 --score-bias 0 --realign 0 --realign-score-bias -0.2 --realign-max-seqs 2147483647 --gap-open nucl:5,aa:11 --gap-extend nucl:2,aa:1 --zdrop 40 --threads 94 --compressed 0 -v 3 

Compute score, coverage and sequence identity
Query database size: 66182 type: Nucleotide
Target database size: 33091 type: Nucleotide
Calculation of alignments
[=================================================================] 66.18K 0s 957ms
Time for merging to aln_gapped: 0h 0m 0s 312ms
58611 alignments calculated
155 sequence pairs passed the thresholds (0.002645 of overall calculated)
0.002342 hits per query sequence
Time for processing: 0h 0m 2s 126ms
concatdbs tmp/10871686170271664427/clu_tmp/10050237108928158466/aln_ungapped tmp/10871686170271664427/clu_tmp/10050237108928158466/aln_gapped tmp/10871686170271664427/clu_tmp/10050237108928158466/aln --preserve-keys --take-larger-entry --threads 94 --compressed 0 -v 3 

[=================================================================] 66.18K 0s 11ms
[=================================================================] 66.18K 0s 29ms
Time for merging to aln: 0h 0m 0s 511ms
Time for processing: 0h 0m 1s 367ms
offsetalignment tmp/10871686170271664427/clu_tmp/10050237108928158466/input_step_redundancy tmp/10871686170271664427/clu_tmp/10050237108928158466/query_seqs tmp/10871686170271664427/clu_tmp/10050237108928158466/input_step_redundancy tmp/10871686170271664427/clu_tmp/10050237108928158466/input_step_redundancy tmp/10871686170271664427/clu_tmp/10050237108928158466/aln tmp/10871686170271664427/clu_tmp/10050237108928158466/aln_off --chain-alignments 0 --merge-query 1 --search-type 3 --threads 94 --compressed 0 --db-load-mode 0 -v 3 

Computing ORF lookup
Computing contig offsets
Computing contig lookup
Time for contig lookup: 0h 0m 0s 56ms
Writing results to: tmp/10871686170271664427/clu_tmp/10050237108928158466/aln_off
[=================================================================] 33.38K 0s 13ms

Time for merging to aln_off: 0h 0m 0s 291ms
Time for processing: 0h 0m 1s 177ms
clust tmp/10871686170271664427/clu_tmp/10050237108928158466/input_step_redundancy tmp/10871686170271664427/clu_tmp/10050237108928158466/aln_off tmp/10871686170271664427/clu_tmp/10050237108928158466/clu --cluster-mode 3 --max-iterations 1000 --similarity-type 2 --threads 94 --compressed 0 -v 3 

Clustering mode: Greedy Low Mem
Total time: 0h 0m 0s 45ms

Size of the sequence database: 33091
Size of the alignment database: 33091
Number of clusters: 32748

Writing results 0h 0m 0s 3ms
Time for merging to clu: 0h 0m 0s 7ms
Time for processing: 0h 0m 0s 87ms
mergeclusters tmp/10871686170271664427/input tmp/10871686170271664427/clu tmp/10871686170271664427/clu_tmp/10050237108928158466/clu_redundancy tmp/10871686170271664427/clu_tmp/10050237108928158466/clu --threads 94 --compressed 0 -v 3 

Clustering step 1
[=================================================================] 33.09K 0s 18ms
Clustering step 2
[=================================================================] 32.75K 0s 54ms
Write merged clustering
[=================================================================] 33.38K 0s 395ms
Time for merging to clu: 0h 0m 0s 269ms
Time for processing: 0h 0m 0s 971ms
rmdb tmp/10871686170271664427/clu_tmp/10050237108928158466/query_seqs -v 3 

Time for processing: 0h 0m 0s 78ms
rmdb tmp/10871686170271664427/clu_tmp/10050237108928158466/clu_redundancy -v 3 

Time for processing: 0h 0m 0s 205ms
rmdb tmp/10871686170271664427/clu_tmp/10050237108928158466/input_step_redundancy -v 3 

Time for processing: 0h 0m 0s 8ms
rmdb tmp/10871686170271664427/clu_tmp/10050237108928158466/perf -v 3 

Time for processing: 0h 0m 0s 1ms
rmdb tmp/10871686170271664427/clu_tmp/10050237108928158466/aln -v 3 

Time for processing: 0h 0m 0s 5ms
rmdb tmp/10871686170271664427/clu_tmp/10050237108928158466/aln_off -v 3 

Time for processing: 0h 0m 0s 162ms
rmdb tmp/10871686170271664427/clu_tmp/10050237108928158466/clu -v 3 

Time for processing: 0h 0m 0s 5ms
createtsv tmp/10871686170271664427/input tmp/10871686170271664427/input tmp/10871686170271664427/clu tmp/10871686170271664427/cluster.tsv --threads 94 -v 3 

Time for merging to cluster.tsv: 0h 0m 0s 417ms
Time for processing: 0h 0m 1s 23ms
result2repseq tmp/10871686170271664427/input tmp/10871686170271664427/clu tmp/10871686170271664427/clu_rep --db-load-mode 0 --compressed 0 --threads 94 -v 3 

[=================================================================] 32.75K 0s 20ms
Time for merging to clu_rep: 0h 0m 1s 164ms
Time for processing: 0h 0m 2s 946ms
result2flat tmp/10871686170271664427/input tmp/10871686170271664427/input tmp/10871686170271664427/clu_rep tmp/10871686170271664427/rep_seq.fasta --use-fasta-header -v 3 

Time for processing: 0h 0m 1s 511ms
createseqfiledb tmp/10871686170271664427/input tmp/10871686170271664427/clu tmp/10871686170271664427/clu_seqs --threads 94 -v 3 

[=================================================================] 32.75K 0s 61ms
Time for merging to clu_seqs: 0h 0m 0s 299ms
Time for processing: 0h 0m 2s 290ms
result2flat tmp/10871686170271664427/input tmp/10871686170271664427/input tmp/10871686170271664427/clu_seqs tmp/10871686170271664427/all_seqs.fasta -v 3 

Time for processing: 0h 0m 1s 608ms
rmdb tmp/10871686170271664427/input -v 3 

Time for processing: 0h 0m 0s 8ms
rmdb tmp/10871686170271664427/input_h -v 3 

Time for processing: 0h 0m 0s 6ms
rmdb tmp/10871686170271664427/clu_seqs -v 3 

Time for processing: 0h 0m 0s 283ms
rmdb tmp/10871686170271664427/clu_rep -v 3 

Time for processing: 0h 0m 0s 37ms
rmdb tmp/10871686170271664427/clu -v 3 

Time for processing: 0h 0m 0s 154ms
Detailed performance metrics for this job will be available at https://metrics.hpc.arizona.edu/#job_viewer?action=show&realm=SUPREMM&resource_id=73&local_job_id=7277754 by 8am on 2023/05/23.
