INFO [2022-09-06 09:54:00] [[1]]
INFO [2022-09-06 09:54:00] list(SET1 = pasture_old_AMRs_collapsed$AMR.Gene.Family, SET2 = pasture_recent_AMRs_collapsed$AMR.Gene.Family, 
INFO [2022-09-06 09:54:00]     SET3 = urban_AMRs_collapsed$AMR.Gene.Family, SET4 = natural_AMRs_collapsed$AMR.Gene.Family)
INFO [2022-09-06 09:54:00] 
INFO [2022-09-06 09:54:00] $fill
INFO [2022-09-06 09:54:00] c("red", "green", "blue", "yellow")
INFO [2022-09-06 09:54:00] 
INFO [2022-09-06 09:54:00] $alpha
INFO [2022-09-06 09:54:00] c(0.5, 0.5, 0.5)
INFO [2022-09-06 09:54:00] 
INFO [2022-09-06 09:54:00] $cat.cex
INFO [2022-09-06 09:54:00] [1] 1.5
INFO [2022-09-06 09:54:00] 
INFO [2022-09-06 09:54:00] $cex
INFO [2022-09-06 09:54:00] [1] 1.5
INFO [2022-09-06 09:54:00] 
INFO [2022-09-06 09:54:00] $filename
INFO [2022-09-06 09:54:00] NULL
INFO [2022-09-06 09:54:00] 
ERROR [2022-09-06 09:54:01] Unexpected parameter length for "alpha"
