INFO [2022-09-06 09:54:59] [[1]]
INFO [2022-09-06 09:54:59] list(pasture_old = pasture_old_AMRs_collapsed$AMR.Gene.Family, 
INFO [2022-09-06 09:54:59]     SET2 = pasture_recent_AMRs_collapsed$AMR.Gene.Family, SET3 = urban_AMRs_collapsed$AMR.Gene.Family, 
INFO [2022-09-06 09:54:59]     SET4 = natural_AMRs_collapsed$AMR.Gene.Family)
INFO [2022-09-06 09:54:59] 
INFO [2022-09-06 09:54:59] $fill
INFO [2022-09-06 09:54:59] c("red", "green", "blue", "yellow")
INFO [2022-09-06 09:54:59] 
INFO [2022-09-06 09:54:59] $alpha
INFO [2022-09-06 09:54:59] c(0.5, 0.5, 0.5, 0.5)
INFO [2022-09-06 09:54:59] 
INFO [2022-09-06 09:54:59] $cat.cex
INFO [2022-09-06 09:54:59] [1] 1.5
INFO [2022-09-06 09:54:59] 
INFO [2022-09-06 09:54:59] $cex
INFO [2022-09-06 09:54:59] [1] 1.5
INFO [2022-09-06 09:54:59] 
INFO [2022-09-06 09:54:59] $filename
INFO [2022-09-06 09:54:59] NULL
INFO [2022-09-06 09:54:59] 
