INFO [2022-09-06 09:59:19] [[1]]
INFO [2022-09-06 09:59:19] list(pasture_old = pasture_old_AMRs_collapsed$AMR.Gene.Family, 
INFO [2022-09-06 09:59:19]     pasture_recent = pasture_recent_AMRs_collapsed$AMR.Gene.Family, 
INFO [2022-09-06 09:59:19]     urban = urban_AMRs_collapsed$AMR.Gene.Family, natural = natural_AMRs_collapsed$AMR.Gene.Family)
INFO [2022-09-06 09:59:19] 
INFO [2022-09-06 09:59:19] $fill
INFO [2022-09-06 09:59:19] c("forestgreen", "darkolivegreen2", "deepskyblue3", "salmon4")
INFO [2022-09-06 09:59:19] 
INFO [2022-09-06 09:59:19] $alpha
INFO [2022-09-06 09:59:19] c(0.5, 0.5, 0.5, 0.5)
INFO [2022-09-06 09:59:19] 
INFO [2022-09-06 09:59:19] $cat.cex
INFO [2022-09-06 09:59:19] [1] 1.5
INFO [2022-09-06 09:59:19] 
INFO [2022-09-06 09:59:19] $cex
INFO [2022-09-06 09:59:19] [1] 1.5
INFO [2022-09-06 09:59:19] 
INFO [2022-09-06 09:59:19] $filename
INFO [2022-09-06 09:59:19] NULL
INFO [2022-09-06 09:59:19] 
