INFO [2022-09-06 09:59:26] [[1]]
INFO [2022-09-06 09:59:26] list(pasture_old = pasture_old_AMRs_collapsed$AMR.Gene.Family, 
INFO [2022-09-06 09:59:26]     pasture_recent = pasture_recent_AMRs_collapsed$AMR.Gene.Family, 
INFO [2022-09-06 09:59:26]     urban = urban_AMRs_collapsed$AMR.Gene.Family, natural = natural_AMRs_collapsed$AMR.Gene.Family)
INFO [2022-09-06 09:59:26] 
INFO [2022-09-06 09:59:26] $fill
INFO [2022-09-06 09:59:26] c("forestgreen", "darkolivegreen2", "deepskyblue3", "salmon3")
INFO [2022-09-06 09:59:26] 
INFO [2022-09-06 09:59:26] $alpha
INFO [2022-09-06 09:59:26] c(0.5, 0.5, 0.5, 0.5)
INFO [2022-09-06 09:59:26] 
INFO [2022-09-06 09:59:26] $cat.cex
INFO [2022-09-06 09:59:26] [1] 1.5
INFO [2022-09-06 09:59:26] 
INFO [2022-09-06 09:59:26] $cex
INFO [2022-09-06 09:59:26] [1] 1.5
INFO [2022-09-06 09:59:26] 
INFO [2022-09-06 09:59:26] $filename
INFO [2022-09-06 09:59:26] NULL
INFO [2022-09-06 09:59:26] 
