INFO [2022-09-06 09:55:42] [[1]]
INFO [2022-09-06 09:55:42] list(pasture_old = pasture_old_AMRs_collapsed$AMR.Gene.Family, 
INFO [2022-09-06 09:55:42]     pasture_recent = pasture_recent_AMRs_collapsed$AMR.Gene.Family, 
INFO [2022-09-06 09:55:42]     urban = urban_AMRs_collapsed$AMR.Gene.Family, natural = natural_AMRs_collapsed$AMR.Gene.Family)
INFO [2022-09-06 09:55:42] 
INFO [2022-09-06 09:55:42] $fill
INFO [2022-09-06 09:55:42] c("red", "green", "blue", "yellow")
INFO [2022-09-06 09:55:42] 
INFO [2022-09-06 09:55:42] $alpha
INFO [2022-09-06 09:55:42] c(0.5, 0.5, 0.5, 0.5)
INFO [2022-09-06 09:55:42] 
INFO [2022-09-06 09:55:42] $cat.cex
INFO [2022-09-06 09:55:42] [1] 1.5
INFO [2022-09-06 09:55:42] 
INFO [2022-09-06 09:55:42] $cex
INFO [2022-09-06 09:55:42] [1] 1.5
INFO [2022-09-06 09:55:42] 
INFO [2022-09-06 09:55:42] $filename
INFO [2022-09-06 09:55:42] NULL
INFO [2022-09-06 09:55:42] 
