INFO [2022-09-06 12:25:32] [[1]]
INFO [2022-09-06 12:25:32] list(pasture_old = unique(pasture_old$Resistance.Mechanism), 
INFO [2022-09-06 12:25:32]     pasture_recent = unique(pasture_recent$Resistance.Mechanism), 
INFO [2022-09-06 12:25:32]     urban = unique(urban$Resistance.Mechanism), natural = unique(natural$Resistance.Mechanism))
INFO [2022-09-06 12:25:32] 
INFO [2022-09-06 12:25:32] $fill
INFO [2022-09-06 12:25:32] c("DarkGreen", "olivedrab4", "skyblue3", "darkorange4")
INFO [2022-09-06 12:25:32] 
INFO [2022-09-06 12:25:32] $alpha
INFO [2022-09-06 12:25:32] c(0.5, 0.5, 0.5, 0.5)
INFO [2022-09-06 12:25:32] 
INFO [2022-09-06 12:25:32] $cat.cex
INFO [2022-09-06 12:25:32] [1] 1.5
INFO [2022-09-06 12:25:32] 
INFO [2022-09-06 12:25:32] $cex
INFO [2022-09-06 12:25:32] [1] 1.5
INFO [2022-09-06 12:25:32] 
INFO [2022-09-06 12:25:32] $filename
INFO [2022-09-06 12:25:32] NULL
INFO [2022-09-06 12:25:32] 
