Create directory tmp
easy-cluster /xdisk/barberan/mtoucedasuarez/urban/virus/final/fasta/all_viral_contigs.fa viral_contigs tmp --min-seq-id 0.95 --cov-mode 1 -c 0.7 --threads 94 

MMseqs Version:                     	13.45111
Substitution matrix                 	nucl:nucleotide.out,aa:blosum62.out
Seed substitution matrix            	nucl:nucleotide.out,aa:VTML80.out
Sensitivity                         	4
k-mer length                        	0
k-score                             	2147483647
Alphabet size                       	nucl:5,aa:21
Max sequence length                 	65535
Max results per query               	20
Split database                      	0
Split mode                          	2
Split memory limit                  	0
Coverage threshold                  	0.7
Coverage mode                       	1
Compositional bias                  	1
Diagonal scoring                    	true
Exact k-mer matching                	0
Mask residues                       	1
Mask lower case residues            	0
Minimum diagonal score              	15
Include identical seq. id.          	false
Spaced k-mers                       	1
Preload mode                        	0
Pseudo count a                      	1
Pseudo count b                      	1.5
Spaced k-mer pattern                	
Local temporary path                	
Threads                             	94
Compressed                          	0
Verbosity                           	3
Add backtrace                       	false
Alignment mode                      	3
Alignment mode                      	0
Allow wrapped scoring               	false
E-value threshold                   	0.001
Seq. id. threshold                  	0.95
Min alignment length                	0
Seq. id. mode                       	0
Alternative alignments              	0
Max reject                          	2147483647
Max accept                          	2147483647
Score bias                          	0
Realign hits                        	false
Realign score bias                  	-0.2
Realign max seqs                    	2147483647
Gap open cost                       	nucl:5,aa:11
Gap extension cost                  	nucl:2,aa:1
Zdrop                               	40
Rescore mode                        	0
Remove hits by seq. id. and coverage	false
Sort results                        	0
Cluster mode                        	0
Max connected component depth       	1000
Similarity type                     	2
Single step clustering              	false
Cascaded clustering steps           	3
Cluster reassign                    	false
Remove temporary files              	true
Force restart with latest tmp       	false
MPI runner                          	
k-mers per sequence                 	21
Scale k-mers per sequence           	nucl:0.200,aa:0.000
Adjust k-mer length                 	false
Shift hash                          	67
Include only extendable             	false
Skip repeating k-mers               	false
Database type                       	0
Shuffle input database              	true
Createdb mode                       	1
Write lookup file                   	0
Offset of numeric ids               	0

createdb /xdisk/barberan/mtoucedasuarez/urban/virus/final/fasta/all_viral_contigs.fa tmp/3359669864330044700/input --dbtype 0 --shuffle 1 --createdb-mode 1 --write-lookup 0 --id-offset 0 --compressed 0 -v 3 

Shuffle database cannot be combined with --createdb-mode 0
We recompute with --shuffle 0
Converting sequences
[Multiline fasta can not be combined with --createdb-mode 0
We recompute with --createdb-mode 1
Time for merging to input_h: 0h 0m 0s 7ms
Time for merging to input: 0h 0m 0s 6ms
[=
Time for merging to input_h: 0h 0m 0s 5ms
Time for merging to input: 0h 0m 0s 6ms
Database type: Nucleotide
Time for processing: 0h 0m 0s 229ms
Create directory tmp/3359669864330044700/clu_tmp
cluster tmp/3359669864330044700/input tmp/3359669864330044700/clu tmp/3359669864330044700/clu_tmp --max-seqs 20 -c 0.7 --cov-mode 1 --spaced-kmer-mode 1 --threads 94 --alignment-mode 3 -e 0.001 --min-seq-id 0.95 --remove-tmp-files 1 

Set cluster sensitivity to -s 1.000000
Set cluster mode GREEDY MEM
Set cluster iterations to 1
linclust tmp/3359669864330044700/input tmp/3359669864330044700/clu_tmp/2620968418228142515/clu_redundancy tmp/3359669864330044700/clu_tmp/2620968418228142515/linclust --cluster-mode 3 --max-iterations 1000 --similarity-type 2 --threads 94 --compressed 0 -v 3 --sub-mat nucl:nucleotide.out,aa:blosum62.out -a 0 --alignment-mode 3 --alignment-output-mode 0 --wrapped-scoring 0 -e 0.001 --min-seq-id 0.95 --min-aln-len 0 --seq-id-mode 0 --alt-ali 0 -c 0.7 --cov-mode 1 --max-seq-len 10000 --comp-bias-corr 0 --max-rejected 2147483647 --max-accept 2147483647 --add-self-matches 0 --db-load-mode 0 --pca 1 --pcb 1.5 --score-bias 0 --realign 0 --realign-score-bias -0.2 --realign-max-seqs 2147483647 --gap-open nucl:5,aa:11 --gap-extend nucl:2,aa:1 --zdrop 40 --alph-size nucl:5,aa:21 --kmer-per-seq 21 --spaced-kmer-mode 1 --kmer-per-seq-scale nucl:0.200,aa:0.000 --adjust-kmer-len 0 --mask 1 --mask-lower-case 0 -k 0 --hash-shift 67 --split-memory-limit 0 --include-only-extendable 0 --ignore-multi-kmer 0 --rescore-mode 0 --filter-hits 0 --sort-results 0 --remove-tmp-files 1 --force-reuse 0 

kmermatcher tmp/3359669864330044700/input tmp/3359669864330044700/clu_tmp/2620968418228142515/linclust/15230713974575271469/pref --sub-mat nucl:nucleotide.out,aa:blosum62.out --alph-size nucl:5,aa:21 --min-seq-id 0.95 --kmer-per-seq 21 --spaced-kmer-mode 1 --kmer-per-seq-scale nucl:0.200,aa:0.000 --adjust-kmer-len 0 --mask 1 --mask-lower-case 0 --cov-mode 1 -k 0 -c 0.7 --max-seq-len 10000 --hash-shift 67 --split-memory-limit 0 --include-only-extendable 0 --ignore-multi-kmer 0 --threads 94 --compressed 0 -v 3 

kmermatcher tmp/3359669864330044700/input tmp/3359669864330044700/clu_tmp/2620968418228142515/linclust/15230713974575271469/pref --sub-mat nucl:nucleotide.out,aa:blosum62.out --alph-size nucl:5,aa:21 --min-seq-id 0.95 --kmer-per-seq 21 --spaced-kmer-mode 1 --kmer-per-seq-scale nucl:0.200,aa:0.000 --adjust-kmer-len 0 --mask 1 --mask-lower-case 0 --cov-mode 1 -k 0 -c 0.7 --max-seq-len 10000 --hash-shift 67 --split-memory-limit 0 --include-only-extendable 0 --ignore-multi-kmer 0 --threads 94 --compressed 0 -v 3 

Database size: 18660 type: Nucleotide

Generate k-mers list for 1 split
[=================================================================] 18.66K 0s 535ms

Adjusted k-mer length 17
Sort kmer 0h 0m 0s 155ms
Sort by rep. sequence 0h 0m 0s 67ms
Time for fill: 0h 0m 0s 14ms
Time for merging to pref: 0h 0m 0s 5ms
Time for processing: 0h 0m 0s 933ms
rescorediagonal tmp/3359669864330044700/input tmp/3359669864330044700/input tmp/3359669864330044700/clu_tmp/2620968418228142515/linclust/15230713974575271469/pref tmp/3359669864330044700/clu_tmp/2620968418228142515/linclust/15230713974575271469/pref_rescore1 --sub-mat nucl:nucleotide.out,aa:blosum62.out --rescore-mode 0 --wrapped-scoring 0 --filter-hits 0 -e 0.001 -c 0.7 -a 0 --cov-mode 1 --min-seq-id 0.95 --min-aln-len 0 --seq-id-mode 0 --add-self-matches 0 --sort-results 0 --db-load-mode 0 --threads 94 --compressed 0 -v 3 

[=================================================================] 18.66K 0s 95ms
Time for merging to pref_rescore1: 0h 0m 0s 330ms
Time for processing: 0h 0m 1s 49ms
clust tmp/3359669864330044700/input tmp/3359669864330044700/clu_tmp/2620968418228142515/linclust/15230713974575271469/pref_rescore1 tmp/3359669864330044700/clu_tmp/2620968418228142515/linclust/15230713974575271469/pre_clust --cluster-mode 3 --max-iterations 1000 --similarity-type 2 --threads 94 --compressed 0 -v 3 

Clustering mode: Greedy Low Mem
Total time: 0h 0m 0s 46ms

Size of the sequence database: 18660
Size of the alignment database: 18660
Number of clusters: 18604

Writing results 0h 0m 0s 1ms
Time for merging to pre_clust: 0h 0m 0s 4ms
Time for processing: 0h 0m 0s 81ms
createsubdb tmp/3359669864330044700/clu_tmp/2620968418228142515/linclust/15230713974575271469/order_redundancy tmp/3359669864330044700/input tmp/3359669864330044700/clu_tmp/2620968418228142515/linclust/15230713974575271469/input_step_redundancy -v 3 --subdb-mode 1 

Time for merging to input_step_redundancy: 0h 0m 0s 5ms
Time for processing: 0h 0m 0s 31ms
createsubdb tmp/3359669864330044700/clu_tmp/2620968418228142515/linclust/15230713974575271469/order_redundancy tmp/3359669864330044700/clu_tmp/2620968418228142515/linclust/15230713974575271469/pref tmp/3359669864330044700/clu_tmp/2620968418228142515/linclust/15230713974575271469/pref_filter1 -v 3 --subdb-mode 1 

Time for merging to pref_filter1: 0h 0m 0s 4ms
Time for processing: 0h 0m 0s 23ms
filterdb tmp/3359669864330044700/clu_tmp/2620968418228142515/linclust/15230713974575271469/pref_filter1 tmp/3359669864330044700/clu_tmp/2620968418228142515/linclust/15230713974575271469/pref_filter2 --filter-file tmp/3359669864330044700/clu_tmp/2620968418228142515/linclust/15230713974575271469/order_redundancy --threads 94 --compressed 0 -v 3 

Filtering using file(s)
[=================================================================] 18.60K 0s 27ms
Time for merging to pref_filter2: 0h 0m 0s 383ms
Time for processing: 0h 0m 1s 30ms
align tmp/3359669864330044700/clu_tmp/2620968418228142515/linclust/15230713974575271469/input_step_redundancy tmp/3359669864330044700/clu_tmp/2620968418228142515/linclust/15230713974575271469/input_step_redundancy tmp/3359669864330044700/clu_tmp/2620968418228142515/linclust/15230713974575271469/pref_filter2 tmp/3359669864330044700/clu_tmp/2620968418228142515/linclust/15230713974575271469/aln --sub-mat nucl:nucleotide.out,aa:blosum62.out -a 0 --alignment-mode 3 --alignment-output-mode 0 --wrapped-scoring 0 -e 0.001 --min-seq-id 0.95 --min-aln-len 0 --seq-id-mode 0 --alt-ali 0 -c 0.7 --cov-mode 1 --max-seq-len 10000 --comp-bias-corr 0 --max-rejected 2147483647 --max-accept 2147483647 --add-self-matches 0 --db-load-mode 0 --pca 1 --pcb 1.5 --score-bias 0 --realign 0 --realign-score-bias -0.2 --realign-max-seqs 2147483647 --gap-open nucl:5,aa:11 --gap-extend nucl:2,aa:1 --zdrop 40 --threads 94 --compressed 0 -v 3 

Compute score, coverage and sequence identity
Query database size: 18604 type: Nucleotide
Target database size: 18604 type: Nucleotide
Calculation of alignments
[=================================================================] 18.60K 1s 197ms
Time for merging to aln: 0h 0m 0s 318ms
227900 alignments calculated
18822 sequence pairs passed the thresholds (0.082589 of overall calculated)
1.011718 hits per query sequence
Time for processing: 0h 0m 2s 186ms
clust tmp/3359669864330044700/clu_tmp/2620968418228142515/linclust/15230713974575271469/input_step_redundancy tmp/3359669864330044700/clu_tmp/2620968418228142515/linclust/15230713974575271469/aln tmp/3359669864330044700/clu_tmp/2620968418228142515/linclust/15230713974575271469/clust --cluster-mode 3 --max-iterations 1000 --similarity-type 2 --threads 94 --compressed 0 -v 3 

Clustering mode: Greedy Low Mem
Total time: 0h 0m 0s 45ms

Size of the sequence database: 18604
Size of the alignment database: 18604
Number of clusters: 18423

Writing results 0h 0m 0s 1ms
Time for merging to clust: 0h 0m 0s 7ms
Time for processing: 0h 0m 0s 87ms
mergeclusters tmp/3359669864330044700/input tmp/3359669864330044700/clu_tmp/2620968418228142515/clu_redundancy tmp/3359669864330044700/clu_tmp/2620968418228142515/linclust/15230713974575271469/pre_clust tmp/3359669864330044700/clu_tmp/2620968418228142515/linclust/15230713974575271469/clust --threads 94 --compressed 0 -v 3 

Clustering step 1
[=================================================================] 18.60K 0s 17ms
Clustering step 2
[=================================================================] 18.42K 0s 50ms
Write merged clustering
[=================================================================] 18.66K 0s 426ms
Time for merging to clu_redundancy: 0h 0m 0s 301ms
Time for processing: 0h 0m 0s 947ms
rmdb tmp/3359669864330044700/clu_tmp/2620968418228142515/linclust/15230713974575271469/pref_filter1 -v 3 

Time for processing: 0h 0m 0s 9ms
rmdb tmp/3359669864330044700/clu_tmp/2620968418228142515/linclust/15230713974575271469/pref -v 3 

Time for processing: 0h 0m 0s 9ms
rmdb tmp/3359669864330044700/clu_tmp/2620968418228142515/linclust/15230713974575271469/pref_rescore1 -v 3 

Time for processing: 0h 0m 0s 280ms
rmdb tmp/3359669864330044700/clu_tmp/2620968418228142515/linclust/15230713974575271469/pre_clust -v 3 

Time for processing: 0h 0m 0s 7ms
rmdb tmp/3359669864330044700/clu_tmp/2620968418228142515/linclust/15230713974575271469/input_step_redundancy -v 3 

Time for processing: 0h 0m 0s 9ms
rmdb tmp/3359669864330044700/clu_tmp/2620968418228142515/linclust/15230713974575271469/input_step_redundancy_h -v 3 

Time for processing: 0h 0m 0s 7ms
rmdb tmp/3359669864330044700/clu_tmp/2620968418228142515/linclust/15230713974575271469/pref_filter2 -v 3 

Time for processing: 0h 0m 0s 373ms
rmdb tmp/3359669864330044700/clu_tmp/2620968418228142515/linclust/15230713974575271469/aln -v 3 

Time for processing: 0h 0m 0s 408ms
rmdb tmp/3359669864330044700/clu_tmp/2620968418228142515/linclust/15230713974575271469/clust -v 3 

Time for processing: 0h 0m 0s 10ms
createsubdb tmp/3359669864330044700/clu_tmp/2620968418228142515/clu_redundancy tmp/3359669864330044700/input tmp/3359669864330044700/clu_tmp/2620968418228142515/input_step_redundancy -v 3 --subdb-mode 1 

Time for merging to input_step_redundancy: 0h 0m 0s 4ms
Time for processing: 0h 0m 0s 29ms
extractframes tmp/3359669864330044700/clu_tmp/2620968418228142515/input_step_redundancy tmp/3359669864330044700/clu_tmp/2620968418228142515/query_seqs --forward-frames 1 --reverse-frames 1 --create-lookup 0 --threads 94 --compressed 0 -v 3 

[=================================================================] 18.42K 0s 52ms
Time for merging to query_seqs_h: 0h 0m 0s 529ms
Time for merging to query_seqs: 0h 0m 0s 721ms
Time for processing: 0h 0m 2s 892ms
prefilter tmp/3359669864330044700/clu_tmp/2620968418228142515/query_seqs tmp/3359669864330044700/clu_tmp/2620968418228142515/input_step_redundancy tmp/3359669864330044700/clu_tmp/2620968418228142515/pref --sub-mat nucl:nucleotide.out,aa:blosum62.out --seed-sub-mat nucl:nucleotide.out,aa:VTML80.out -s 1 -k 15 --k-score 2147483647 --alph-size nucl:5,aa:21 --max-seq-len 10000 --max-seqs 20 --split 0 --split-mode 2 --split-memory-limit 0 -c 0.7 --cov-mode 1 --comp-bias-corr 0 --diag-score 0 --exact-kmer-matching 1 --mask 1 --mask-lower-case 0 --min-ungapped-score 60 --add-self-matches 0 --spaced-kmer-mode 1 --db-load-mode 0 --pca 1 --pcb 1.5 --threads 94 --compressed 0 -v 3 

Query database size: 36846 type: Nucleotide
Estimated memory consumption: 8G
Target database size: 18423 type: Nucleotide
Index table k-mer threshold: 0 at k-mer size 15 
Index table: counting k-mers
[=================================================================] 18.42K 0s 523ms
Index table: Masked residues: 350516
Index table: fill
[=================================================================] 18.42K 0s 594ms
Index statistics
Entries:          57083107
DB size:          8518 MB
Avg k-mer size:   0.053163
Top 10 k-mers
    CGACCGGCGCGCGCG	36
    CGGGCGGCAGGCGCG	32
    AGCCCGGTCTGTCAG	29
    CGAGCGGCACGCGCG	29
    ATGTCGGAGCTGTGG	29
    CGAGCGGCAGGCGCG	26
    ATCGATCACACGGTC	25
    AGCCGCCTGGATAGC	25
    GCCTCGCAGACTTGC	25
    CGACGGCCGCGCGCG	25
Time for index table init: 0h 0m 5s 16ms
Process prefiltering step 1 of 1

k-mer similarity threshold: 0
Starting prefiltering scores calculation (step 1 of 1)
Query db start 1 to 36846
Target db start 1 to 18423
[=================================================================] 36.85K 0s 620ms

0.989836 k-mers per position
2521 DB matches per sequence
0 overflows
0 queries produce too many hits (truncated result)
0 sequences passed prefiltering per query sequence
1 median result list length
14721 sequences with 0 size result lists
Time for merging to pref: 0h 0m 0s 328ms
Time for processing: 0h 0m 6s 921ms
rescorediagonal tmp/3359669864330044700/clu_tmp/2620968418228142515/query_seqs tmp/3359669864330044700/clu_tmp/2620968418228142515/input_step_redundancy tmp/3359669864330044700/clu_tmp/2620968418228142515/pref tmp/3359669864330044700/clu_tmp/2620968418228142515/aln_ungapped --sub-mat nucl:nucleotide.out,aa:blosum62.out --rescore-mode 2 --wrapped-scoring 0 --filter-hits 0 -e 0.001 -c 0.7 -a 0 --cov-mode 1 --min-seq-id 0.95 --min-aln-len 0 --seq-id-mode 0 --add-self-matches 0 --sort-results 0 --db-load-mode 0 --threads 94 --compressed 0 -v 3 

[=================================================================] 36.85K 0s 26ms
Time for merging to aln_ungapped: 0h 0m 0s 322ms
Time for processing: 0h 0m 1s 31ms
subtractdbs tmp/3359669864330044700/clu_tmp/2620968418228142515/pref tmp/3359669864330044700/clu_tmp/2620968418228142515/aln_ungapped tmp/3359669864330044700/clu_tmp/2620968418228142515/pref_subtract --threads 94 --compressed 0 -v 3 

subtractdbs tmp/3359669864330044700/clu_tmp/2620968418228142515/pref tmp/3359669864330044700/clu_tmp/2620968418228142515/aln_ungapped tmp/3359669864330044700/clu_tmp/2620968418228142515/pref_subtract --threads 94 --compressed 0 -v 3 

Remove tmp/3359669864330044700/clu_tmp/2620968418228142515/aln_ungapped ids from tmp/3359669864330044700/clu_tmp/2620968418228142515/pref
[=================================================================] 36.85K 0s 17ms
Time for merging to pref_subtract: 0h 0m 0s 343ms
Time for processing: 0h 0m 0s 949ms
align tmp/3359669864330044700/clu_tmp/2620968418228142515/query_seqs tmp/3359669864330044700/clu_tmp/2620968418228142515/input_step_redundancy tmp/3359669864330044700/clu_tmp/2620968418228142515/pref_subtract tmp/3359669864330044700/clu_tmp/2620968418228142515/aln_gapped --sub-mat nucl:nucleotide.out,aa:blosum62.out -a 0 --alignment-mode 3 --alignment-output-mode 0 --wrapped-scoring 0 -e 0.001 --min-seq-id 0.95 --min-aln-len 0 --seq-id-mode 0 --alt-ali 0 -c 0.7 --cov-mode 1 --max-seq-len 10000 --comp-bias-corr 0 --max-rejected 2147483647 --max-accept 2147483647 --add-self-matches 0 --db-load-mode 0 --pca 1 --pcb 1.5 --score-bias 0 --realign 0 --realign-score-bias -0.2 --realign-max-seqs 2147483647 --gap-open nucl:5,aa:11 --gap-extend nucl:2,aa:1 --zdrop 40 --threads 94 --compressed 0 -v 3 

Compute score, coverage and sequence identity
Query database size: 36846 type: Nucleotide
Target database size: 18423 type: Nucleotide
Calculation of alignments
[=================================================================] 36.85K 0s 222ms
Time for merging to aln_gapped: 0h 0m 0s 342ms
12289 alignments calculated
95 sequence pairs passed the thresholds (0.007730 of overall calculated)
0.002578 hits per query sequence
Time for processing: 0h 0m 1s 192ms
concatdbs tmp/3359669864330044700/clu_tmp/2620968418228142515/aln_ungapped tmp/3359669864330044700/clu_tmp/2620968418228142515/aln_gapped tmp/3359669864330044700/clu_tmp/2620968418228142515/aln --preserve-keys --take-larger-entry --threads 94 --compressed 0 -v 3 

[=================================================================] 36.85K 0s 16ms
[=================================================================] 36.85K 0s 38ms
Time for merging to aln: 0h 0m 0s 514ms
Time for processing: 0h 0m 1s 173ms
offsetalignment tmp/3359669864330044700/clu_tmp/2620968418228142515/input_step_redundancy tmp/3359669864330044700/clu_tmp/2620968418228142515/query_seqs tmp/3359669864330044700/clu_tmp/2620968418228142515/input_step_redundancy tmp/3359669864330044700/clu_tmp/2620968418228142515/input_step_redundancy tmp/3359669864330044700/clu_tmp/2620968418228142515/aln tmp/3359669864330044700/clu_tmp/2620968418228142515/aln_off --chain-alignments 0 --merge-query 1 --search-type 3 --threads 94 --compressed 0 --db-load-mode 0 -v 3 

Computing ORF lookup
Computing contig offsets
Computing contig lookup
Time for contig lookup: 0h 0m 0s 57ms
Writing results to: tmp/3359669864330044700/clu_tmp/2620968418228142515/aln_off
[=================================================================] 18.66K 0s 33ms

Time for merging to aln_off: 0h 0m 0s 335ms
Time for processing: 0h 0m 0s 933ms
clust tmp/3359669864330044700/clu_tmp/2620968418228142515/input_step_redundancy tmp/3359669864330044700/clu_tmp/2620968418228142515/aln_off tmp/3359669864330044700/clu_tmp/2620968418228142515/clu --cluster-mode 3 --max-iterations 1000 --similarity-type 2 --threads 94 --compressed 0 -v 3 

Clustering mode: Greedy Low Mem
Total time: 0h 0m 0s 46ms

Size of the sequence database: 18423
Size of the alignment database: 18423
Number of clusters: 18251

Writing results 0h 0m 0s 2ms
Time for merging to clu: 0h 0m 0s 5ms
Time for processing: 0h 0m 0s 82ms
mergeclusters tmp/3359669864330044700/input tmp/3359669864330044700/clu tmp/3359669864330044700/clu_tmp/2620968418228142515/clu_redundancy tmp/3359669864330044700/clu_tmp/2620968418228142515/clu --threads 94 --compressed 0 -v 3 

Clustering step 1
[=================================================================] 18.42K 0s 21ms
Clustering step 2
[=================================================================] 18.25K 0s 54ms
Write merged clustering
[=================================================================] 18.66K 0s 394ms
Time for merging to clu: 0h 0m 0s 335ms
Time for processing: 0h 0m 0s 985ms
rmdb tmp/3359669864330044700/clu_tmp/2620968418228142515/query_seqs -v 3 

Time for processing: 0h 0m 0s 23ms
rmdb tmp/3359669864330044700/clu_tmp/2620968418228142515/clu_redundancy -v 3 

Time for processing: 0h 0m 0s 168ms
rmdb tmp/3359669864330044700/clu_tmp/2620968418228142515/input_step_redundancy -v 3 

Time for processing: 0h 0m 0s 7ms
rmdb tmp/3359669864330044700/clu_tmp/2620968418228142515/perf -v 3 

Time for processing: 0h 0m 0s 1ms
rmdb tmp/3359669864330044700/clu_tmp/2620968418228142515/aln -v 3 

Time for processing: 0h 0m 0s 7ms
rmdb tmp/3359669864330044700/clu_tmp/2620968418228142515/aln_off -v 3 

Time for processing: 0h 0m 0s 166ms
rmdb tmp/3359669864330044700/clu_tmp/2620968418228142515/clu -v 3 

Time for processing: 0h 0m 0s 6ms
createtsv tmp/3359669864330044700/input tmp/3359669864330044700/input tmp/3359669864330044700/clu tmp/3359669864330044700/cluster.tsv --threads 94 -v 3 

Time for merging to cluster.tsv: 0h 0m 0s 591ms
Time for processing: 0h 0m 1s 55ms
result2repseq tmp/3359669864330044700/input tmp/3359669864330044700/clu tmp/3359669864330044700/clu_rep --db-load-mode 0 --compressed 0 --threads 94 -v 3 

[=================================================================] 18.25K 0s 17ms
Time for merging to clu_rep: 0h 0m 0s 573ms
Time for processing: 0h 0m 1s 462ms
result2flat tmp/3359669864330044700/input tmp/3359669864330044700/input tmp/3359669864330044700/clu_rep tmp/3359669864330044700/rep_seq.fasta --use-fasta-header -v 3 

Time for processing: 0h 0m 0s 197ms
createseqfiledb tmp/3359669864330044700/input tmp/3359669864330044700/clu tmp/3359669864330044700/clu_seqs --threads 94 -v 3 

[=================================================================] 18.25K 0s 40ms
Time for merging to clu_seqs: 0h 0m 0s 319ms
Time for processing: 0h 0m 1s 312ms
result2flat tmp/3359669864330044700/input tmp/3359669864330044700/input tmp/3359669864330044700/clu_seqs tmp/3359669864330044700/all_seqs.fasta -v 3 

Time for processing: 0h 0m 0s 212ms
rmdb tmp/3359669864330044700/input -v 3 

Time for processing: 0h 0m 0s 19ms
rmdb tmp/3359669864330044700/input_h -v 3 

Time for processing: 0h 0m 0s 7ms
rmdb tmp/3359669864330044700/clu_seqs -v 3 

Time for processing: 0h 0m 0s 241ms
rmdb tmp/3359669864330044700/clu_rep -v 3 

Time for processing: 0h 0m 0s 14ms
rmdb tmp/3359669864330044700/clu -v 3 

Time for processing: 0h 0m 0s 159ms
Detailed performance metrics for this job will be available at https://metrics.hpc.arizona.edu/#job_viewer?action=show&realm=SUPREMM&resource_id=73&local_job_id=7241002 by 8am on 2023/05/16.
