RP-T1-3_k127_353684	BAC0122|czcD|sp|P13512|CZCD_RALME	47.6	292	145	3	8712	7837	3	286	1.08e-71	239
RP-T1-3_k127_175146	BAC0432|ybtP|tr|Q9R7V3|Q9R7V3_YERPE	29.1	227	140	5	9561	10199	337	556	1.75e-19	91.3
RP-T1-3_k127_1758766	BAC0274|nikE|sp|P33594|NIKE_ECOLI	41.6	243	139	2	3024	2299	3	243	2.14e-42	154
RP-T1-3_k127_622948	BAC0158|fabL/ygaA|sp|P71079|FABL_BACSU	30.7	244	165	3	3891	4613	5	247	1.57e-27	109
RP-T1-3_k127_1660831	BAC0205|mco|sp|Q69HT9|MCO_STAAU	27.6	442	268	8	5558	6874	53	445	2.02e-48	177
RP-T1-3_k127_2099112	BAC0156|fabI|sp|P0AEK4|FABI_ECOLI	28.1	256	162	9	22273	21554	1	250	1.69e-08	54.7
RP-T1-6_k127_265696	BAC0100|ctpG|sp|P63689|CTPG_MYCTU	64.5	634	218	1	7976	9877	132	758	2.12e-224	696
RP-T1-6_k127_1963256	BAC0346|silP|sp|Q9ZHC7|SILP_SALTM	56.1	789	330	4	30682	28361	37	824	2.42e-267	825
RP-T1-6_k127_168662	BAC0177|gadX|sp|P37639|GADX_ECOLI	32.1	81	55	0	28530	28288	160	240	2.10e-07	51.6
RP-T1-6_k127_1481604	BAC0078|copA|sp|O32220|COPA_BACSU	41.4	852	423	15	7498	4982	11	799	6.51e-173	551
RP-T1-6_k127_910567	BAC0573|arsB|sp|P45946|ARSB_BACSU	51.2	340	166	0	10696	11715	1	340	3.11e-110	351
RP-T1-6_k127_2020785	BAC0592|arsR|sp|Q01256|ARSR_STAXY	37.8	90	49	2	9571	9308	14	98	3.53e-09	52.0
RP-T1-6_k127_1201713	BAC0101|ctpV|sp|P77894|CTPV_MYCTU	53.9	629	259	6	7280	5394	166	763	5.35e-175	555
RP-T1-6_k127_1677154	BAC0363|smfY|tr|Q2AAU2|Q2AAU2_SERMA	34.9	401	260	1	971	2173	23	422	3.69e-58	206
RP-T1-6_k127_243432	BAC0071|cmtR|sp|P67731|CMTR_MYCTU	58.6	111	46	0	2868	3200	1	111	1.20e-36	131
RP-T1-6_k127_1953393	BAC0536|oxyRkp|tr|C4WZN6|C4WZN6_KLEPN	26.3	304	209	6	12039	11146	2	296	1.43e-20	90.9
RP-T1-6_k127_1114521	BAC0363|smfY|tr|Q2AAU2|Q2AAU2_SERMA	28.7	428	284	5	19418	20698	10	417	2.11e-40	154
RP-T1-6_k127_487767	BAC0508|adeL|tr|A3M732|A3M732_ACIBT	29.0	293	189	5	10187	9342	1	285	3.31e-26	107
RP-T1-6_k127_718646	BAC0536|oxyRkp|tr|C4WZN6|C4WZN6_KLEPN	31.7	249	158	5	3842	3114	6	248	1.00e-23	100
RP-T1-6_k127_689317	BAC0100|ctpG|sp|P63689|CTPG_MYCTU	56.8	648	266	7	10348	12270	116	756	4.87e-186	587
RP-T1-6_k127_879985	BAC0629|copB|sp|O30085|COPB_ARCFU	47.6	637	329	4	12814	14721	58	690	2.92e-160	509
RP-T1-6_k127_1070240	BAC0561|marR|sp|P27245|MARR_ECOLI	29.9	134	91	2	1493	1891	11	142	5.90e-10	55.8
RP-T1-9_k127_94720	BAC0596|baeR|tr|D0ZNE3|D0ZNE3_SALT1	41.2	226	125	2	8093	8764	12	231	1.52e-46	164
RP-T1-9_k127_91681	BAC0556|ycnJ|sp|C0SP95|YCNJ_BACSU	28.3	459	257	14	3860	2529	23	424	3.07e-29	120
SC-T1-3_k127_823076	BAC0713|copM|tr|A0A0F6QDN6|A0A0F6QDN6_9SYNC	30.7	163	106	4	3196	3663	29	191	1.24e-11	61.6
SC-T1-3_k127_77686	BAC0536|oxyRkp|tr|C4WZN6|C4WZN6_KLEPN	30.1	183	127	1	9067	9615	6	187	1.88e-15	75.1
SC-T1-3_k127_1023492	BAC0416|ttgW|sp|Q93PU7|TTGW_PSEPT	41.0	61	36	0	14482	14300	6	66	1.67e-07	48.5
SC-T1-3_k127_246178	BAC0061|cepA|sp|Q8RR17|FIEF_KLEPN	33.7	282	183	3	3772	4617	18	295	2.08e-36	137
SC-T1-3_k127_853096	BAC0035|arsM|tr|Q6N3Y0|Q6N3Y0_RHOPA	52.8	271	98	4	7216	7959	8	271	2.77e-69	231
SC-T1-3_k127_1110081	BAC0287|nrsD/nreB|tr|F7UKI9|F7UKI9_SYNYG	28.4	345	227	11	12165	11170	14	351	2.98e-11	65.5
SC-T1-3_k127_85119	BAC0158|fabL/ygaA|sp|P71079|FABL_BACSU	33.5	251	157	5	7609	8349	2	246	1.02e-26	107
SC-T1-3_k127_255237	BAC0536|oxyRkp|tr|C4WZN6|C4WZN6_KLEPN	28.8	274	137	8	11966	11271	1	258	4.08e-16	78.2
SC-T1-3_k127_492331	BAC0171|furA|sp|P0A582|FURA_MYCTU	69.5	141	43	0	9219	9641	5	145	1.17e-60	201
SC-T1-3_k127_953376	BAC0157|fabK|tr|Q9FBC5|Q9FBC5_STREE	29.2	343	211	4	4026	5054	1	311	1.02e-38	145
SC-T1-3_k127_461952	BAC0714|arsT|tr|B7FB00|B7FB00_9MICO	28.6	322	187	14	7316	6429	5	309	1.43e-16	79.3
SC-T1-3_k127_1022113	BAC0162|fbpC|sp|P44513|FBPC2_HAEIN	33.3	243	158	3	4530	3808	8	248	1.05e-35	136
SC-T1-3_k127_226907	BAC0154|evgA|sp|P0ACZ4|EVGA_ECOLI	26.9	201	137	5	6645	6043	4	194	5.44e-15	71.6
SC-T1-3_k127_822506	BAC0638|copR|tr|C6FFR4|C6FFR4_PSEFL	39.2	227	134	2	7610	6942	1	227	1.04e-44	159
SC-T1-3_k127_234076	BAC0456|ziaR|sp|Q55940|ZIAR_SYNY3	47.1	85	44	1	8582	8836	44	127	4.67e-15	70.1
SC-T1-3_k127_149557	BAC0154|evgA|sp|P0ACZ4|EVGA_ECOLI	24.5	192	140	1	7913	7353	7	198	7.54e-15	71.2
SC-T1-3_k127_786452	BAC0103|cueO|sp|P36649|CUEO_ECOLI	29.8	504	242	16	6233	4899	61	511	6.87e-49	179
SC-T1-3_k127_1079232	BAC0363|smfY|tr|Q2AAU2|Q2AAU2_SERMA	34.8	465	295	6	5814	4426	4	462	3.42e-73	250
SC-T1-3_k127_104701	BAC0500|emrBsm|tr|B2FID0|B2FID0_STRMK	33.3	360	236	3	6333	7403	41	399	7.56e-56	201
SC-T1-3_k127_260630	BAC0181|glpF|sp|P0AER0|GLPF_ECOLI	32.2	267	137	8	15876	15175	12	267	1.16e-18	85.1
SC-T1-3_k127_1105723	BAC0364|smrA|tr|C7SLZ1|C7SLZ1_STEMA	39.6	255	141	6	1169	1915	361	608	1.11e-40	156
SC-T1-3_k127_730379	BAC0353|smdA|tr|A7VN01|A7VN01_SERMA	30.2	566	354	10	2310	655	10	548	4.08e-59	212
SC-T1-3_k127_530657	BAC0171|furA|sp|P0A582|FURA_MYCTU	71.2	132	38	0	2812	2417	6	137	5.70e-58	194
SC-T1-3_k127_607320	BAC0158|fabL/ygaA|sp|P71079|FABL_BACSU	28.3	240	169	2	7433	6720	7	245	7.47e-23	95.9
SC-T1-3_k127_216863	BAC0364|smrA|tr|C7SLZ1|C7SLZ1_STEMA	41.2	257	137	5	14629	13874	358	605	3.59e-43	165
SC-T1-3_k127_66921	BAC0363|smfY|tr|Q2AAU2|Q2AAU2_SERMA	26.3	396	264	7	16175	15006	36	409	1.12e-28	119
SC-T1-3_k127_441408	BAC0604|wtpC|sp|Q8U4K3|WTPC_PYRFU	28.9	253	162	7	4454	3711	1	240	1.16e-20	91.7
SC-T1-3_k127_427912	BAC0500|emrBsm|tr|B2FID0|B2FID0_STRMK	32.8	363	242	2	4533	3451	36	398	1.18e-55	200
SC-T1-3_k127_163043	BAC0604|wtpC|sp|Q8U4K3|WTPC_PYRFU	33.8	237	131	5	5314	4622	16	232	6.48e-29	116
SC-T1-3_k127_624816	BAC0493|kmrA|tr|C4X8X9|C4X8X9_KLEPN	26.5	332	224	7	2926	3879	8	333	5.94e-16	79.7
SC-T1-3_k127_194424	BAC0686|merR|sp|P13111|MERR_SERMA	44.5	128	69	1	6083	6466	17	142	2.90e-29	111
SC-T1-3_k127_561981	BAC0196|iclR|sp|P16528|ICLR_ECOLI	31.6	256	169	4	8688	9443	20	273	5.43e-22	94.7
SC-T1-3_k127_213245	BAC0274|nikE|sp|P33594|NIKE_ECOLI	40.1	242	139	3	10241	10960	1	238	1.29e-45	162
SC-T1-3_k127_985991	BAC0164|fecE|sp|P15031|FECE_ECOLI	30.6	245	150	5	3123	2431	3	241	1.51e-21	92.0
SC-T1-3_k127_1057698	BAC0376|srpS|sp|Q9R9U0|SRPS_PSEPU	32.7	199	128	4	11468	10878	14	208	4.17e-17	80.1
SC-T1-6_k127_720975	BAC0371|soxS|sp|P0A9E2|SOXS_ECOLI	35.2	91	59	0	24777	25049	14	104	9.76e-13	63.5
UAB-T1-6_k127_697090	BAC0607|tupC|tr|Q93KD4|Q93KD4_EUBAC	35.0	183	108	3	1768	2286	23	204	6.51e-24	97.8
UAB-T1-6_k127_1060950	BAC0714|arsT|tr|B7FB00|B7FB00_9MICO	32.0	319	198	6	11378	10428	7	308	2.48e-36	137
UAB-T1-6_k127_284708	BAC0003|acn|tr|O53166|O53166_MYCTU	56.5	937	369	7	11862	14555	7	943	0.0	1009
UAB-T1-9_k127_419732	BAC0363|smfY|tr|Q2AAU2|Q2AAU2_SERMA	28.4	176	124	2	2291	1770	6	181	2.76e-07	51.2
UAB-T1-9_k127_120282	BAC0604|wtpC|sp|Q8U4K3|WTPC_PYRFU	29.5	207	133	5	3389	4006	16	210	2.26e-21	93.6
11B-T1-3_k127_285612	BAC0604|wtpC|sp|Q8U4K3|WTPC_PYRFU	36.5	342	192	6	7988	8977	16	344	2.87e-59	204
11B-T1-3_k127_968458	BAC0604|wtpC|sp|Q8U4K3|WTPC_PYRFU	36.1	255	155	4	15430	14666	2	248	3.20e-45	164
11B-T1-3_k127_390147	BAC0604|wtpC|sp|Q8U4K3|WTPC_PYRFU	37.2	288	168	3	9045	8185	2	277	1.05e-55	194
11B-T1-6_k127_510359	BAC0162|fbpC|sp|P44513|FBPC2_HAEIN	30.6	219	143	6	7723	8367	11	224	1.42e-22	97.4
11B-T1-6_k127_938349	BAC0487|pmrA|sp|Q70FH0|PMRA_PECSS	29.0	124	82	3	11760	12122	1	121	1.19e-09	56.6
8-T1-6_k127_283000	BAC0091|corS|tr|Q1D6V7|Q1D6V7_MYXXD	36.9	111	66	1	61	393	381	487	8.61e-13	69.3
8-T1-6_k127_337061	BAC0172|gadA|sp|P69908|DCEA_ECOLI	48.3	435	218	4	16801	18087	32	465	6.31e-134	425
8-T1-6_k127_292798	BAC0604|wtpC|sp|Q8U4K3|WTPC_PYRFU	28.9	239	160	5	6884	6177	1	232	1.54e-20	92.0
8-T1-6_k127_252547	BAC0020|aioA/aoxB|sp|Q8GGJ6|AIOA_HERAR	23.7	769	468	29	3035	930	94	810	5.13e-26	112
8-T1-6_k127_217740	BAC0164|fecE|sp|P15031|FECE_ECOLI	28.8	226	154	3	31326	31985	1	225	1.51e-23	99.8
8-T1-6_k127_232813	BAC0101|ctpV|sp|P77894|CTPV_MYCTU	31.8	459	291	8	4931	3561	275	713	1.10e-49	187
8-T1-6_k127_338439	BAC0713|copM|tr|A0A0F6QDN6|A0A0F6QDN6_9SYNC	29.5	156	101	2	9954	9514	36	191	1.27e-08	52.8
8-T1-9_k127_384206	BAC0162|fbpC|sp|P44513|FBPC2_HAEIN	32.3	226	129	4	7184	7810	8	226	8.58e-28	113
HP-T1-3_k127_661173	BAC0285|nreB|tr|F0KND8|F0KND8_ACICP	27.2	357	251	3	11829	12878	38	392	6.64e-29	119
HP-T1-3_k127_254926	BAC0653|merA|tr|Q934S5|Q934S5_THIFE	28.9	228	130	11	11483	12133	222	428	1.11e-07	53.1
HP-T1-3_k127_118729	BAC0334|robA|sp|P0ACI0|ROB_ECOLI	33.7	98	65	0	13283	13576	7	104	2.70e-09	57.0
HP-T1-6_k127_1184122	BAC0536|oxyRkp|tr|C4WZN6|C4WZN6_KLEPN	27.1	291	186	8	25325	24471	3	273	2.41e-17	82.8
HP-T1-6_k127_532691	BAC0536|oxyRkp|tr|C4WZN6|C4WZN6_KLEPN	27.2	243	173	3	10611	9889	1	241	4.06e-17	80.9
HP-T1-6_k127_183432	BAC0289|nrsS|tr|F7UKI4|F7UKI4_SYNYG	31.3	230	146	7	95503	96174	227	450	1.53e-25	112
HP-T1-6_k127_294656	BAC0286|nrsA|tr|Q55935|Q55935_SYNY3	56.0	1034	450	2	67482	64390	5	1036	0.0	1112
HP-T1-6_k127_50417	BAC0162|fbpC|sp|P44513|FBPC2_HAEIN	29.6	230	155	4	870	184	10	233	2.10e-28	114
HP-T1-6_k127_816158	BAC0158|fabL/ygaA|sp|P71079|FABL_BACSU	27.2	246	175	3	10014	9286	5	249	4.41e-25	102
HP-T1-6_k127_410863	BAC0651|merA|sp|P0A0E5|MERA_STAAU	29.0	407	280	5	12158	13360	86	489	2.04e-55	199
HP-T1-6_k127_1202427	BAC0741|tcrA|tr|Q3MNJ6|Q3MNJ6_ENTFC	33.5	781	454	8	7922	10213	69	801	5.43e-127	417
HP-T1-6_k127_1153828	BAC0083|copR|sp|Q02540|COPR_PSEUB	28.6	175	124	1	9134	8613	3	177	3.36e-09	55.1
HP-T1-9_k127_1145831	BAC0346|silP|sp|Q9ZHC7|SILP_SALTM	56.3	789	329	4	3081	760	37	824	2.03e-268	827
HP-T1-9_k127_916697	BAC0273|nikD|sp|P33593|NIKD_ECOLI	41.0	234	129	2	6134	6835	19	243	2.02e-46	164
RC-T1-3_k127_849532	BAC0164|fecE|sp|P15031|FECE_ECOLI	27.3	132	81	4	1039	647	109	226	6.25e-07	48.5
RC-T1-3_k127_32300	BAC0155|evgS|sp|P58402|EVGS_ECO57	28.3	382	234	10	11644	12759	711	1062	1.59e-30	128
RC-T1-3_k127_303971	BAC0251|mntH/yfeP|sp|P0A769|MNTH_ECOLI	25.0	284	198	6	6625	5807	19	298	4.27e-12	66.2
RC-T1-9_k127_8007	BAC0467|zraR/hydH|sp|P14375|ZRAR_ECOLI	50.3	302	143	4	9194	10099	141	435	2.66e-82	275
RC-T1-9_k127_675902	BAC0604|wtpC|sp|Q8U4K3|WTPC_PYRFU	34.4	154	82	4	15846	16262	19	168	7.06e-16	79.0
RC-T1-9_k127_759463	BAC0356|recG|tr|Q9HTL3|Q9HTL3_PSEAE	35.9	462	267	14	5944	7278	191	640	1.76e-61	221
RC-T1-9_k127_777842	BAC0162|fbpC|sp|P44513|FBPC2_HAEIN	32.6	224	139	5	9294	8635	11	226	9.59e-28	113
SC-T1-3_k127_612414	BAC0158|fabL/ygaA|sp|P71079|FABL_BACSU	28.9	187	128	3	15238	14690	5	190	4.36e-11	61.6
SC-T1-3_k127_740408	BAC0301|pbrR|tr|D8IQ72|D8IQ72_HERSS	40.0	125	74	1	13372	13001	1	125	1.45e-18	80.9
