╭──────────────────────────────────────────────────────────────────────────────╮
│  Executing geNomad annotate (v1.7.6). This will perform gene calling in the  │
│  input sequences and annotate the predicted proteins with geNomad's          │
│  markers.                                                                    │
│  ──────────────────────────────────────────────────────────────────────────  │
│  Outputs:                                                                    │
│    /xdisk/egornish/mtoucedasuarez/b2wald_virus/metaT/genomad/all_viral_seqs  │
│    _annotate                                                                 │
│    ├── all_viral_seqs_annotate.json (execution parameters)                   │
│    ├── all_viral_seqs_genes.tsv (gene annotation data)                       │
│    ├── all_viral_seqs_taxonomy.tsv (taxonomic assignment)                    │
│    ├── all_viral_seqs_mmseqs2.tsv (MMseqs2 output file)                      │
│    └── all_viral_seqs_proteins.faa (protein FASTA file)                      │
╰──────────────────────────────────────────────────────────────────────────────╯
[09:45:34] Executing genomad annotate.                                          
[09:45:34] Creating the                                                         
           /xdisk/egornish/mtoucedasuarez/b2wald_virus/metaT/genomad/all_viral_s
           eqs_annotate directory.                                              
[09:47:24] Proteins predicted with pyrodigal-gv were written to                 
           all_viral_seqs_proteins.faa.                                         
[09:51:06] Proteins annotated with MMseqs2 and geNomad database (v1.7) were     
           written to all_viral_seqs_mmseqs2.tsv.                               
[09:51:06] Deleting all_viral_seqs_mmseqs2.                                     
[09:51:22] Gene data was written to all_viral_seqs_genes.tsv.                   
[09:51:23] Taxonomic assignment data was written to all_viral_seqs_taxonomy.tsv.
[09:51:23] geNomad annotate finished!                                           
╭──────────────────────────────────────────────────────────────────────────────╮
│  Executing geNomad find-proviruses (v1.7.6). This will find putative         │
│  proviral regions within the input sequences.                                │
│  ──────────────────────────────────────────────────────────────────────────  │
│  Outputs:                                                                    │
│    /xdisk/egornish/mtoucedasuarez/b2wald_virus/metaT/genomad/all_viral_seqs  │
│    _find_proviruses                                                          │
│    ├── all_viral_seqs_find_proviruses.json (execution parameters)            │
│    ├── all_viral_seqs_provirus.tsv (provirus data)                           │
│    ├── all_viral_seqs_provirus.fna (provirus nucleotide sequences)           │
│    ├── all_viral_seqs_provirus_proteins.faa (provirus protein sequences)     │
│    ├── all_viral_seqs_provirus_genes.tsv (provirus gene annotation data)     │
│    ├── all_viral_seqs_provirus_taxonomy.tsv (provirus taxonomic assignment)  │
│    ├── all_viral_seqs_provirus_mmseqs2.tsv (MMseqs2 output file)             │
│    └── all_viral_seqs_provirus_aragorn.tsv (Aragorn output file)             │
╰──────────────────────────────────────────────────────────────────────────────╯
[09:51:24] Executing genomad find-proviruses.                                   
[09:51:24] Creating the                                                         
           /xdisk/egornish/mtoucedasuarez/b2wald_virus/metaT/genomad/all_viral_s
           eqs_find_proviruses directory.                                       
[09:52:04] Integrases identified with MMseqs2 and geNomad database (v1.7) were  
           written to all_viral_seqs_provirus_mmseqs2.tsv.                      
[09:52:04] Deleting all_viral_seqs_provirus_mmseqs2.                            
[09:52:05] Deleting all_viral_seqs_provirus_mmseqs2_input.faa.                  
[09:52:06] tRNAs identified with Aragorn were written to                        
           all_viral_seqs_provirus_aragorn.tsv.                                 
[09:52:06] Deleting all_viral_seqs_provirus_aragorn_input.fna.                  
[09:52:22] Provirus regions identified.                                         
[09:52:22] Provirus data was written to all_viral_seqs_provirus.tsv.            
[09:52:22] Provirus nucleotide sequences were written to                        
           all_viral_seqs_provirus.fna.                                         
[09:52:23] Provirus protein sequences were written to                           
           all_viral_seqs_provirus_proteins.faa.                                
[09:52:23] Provirus gene data was written to all_viral_seqs_provirus_genes.tsv. 
[09:52:23] Taxonomic assignment data was written to                             
           all_viral_seqs_provirus_taxonomy.tsv.                                
[09:52:23] geNomad find-proviruses finished!                                    
╭──────────────────────────────────────────────────────────────────────────────╮
│  Executing geNomad marker-classification (v1.7.6). This will classify the    │
│  input sequences into chromosome, plasmid, or virus based on the presence    │
│  of geNomad markers and other gene-related features.                         │
│  ──────────────────────────────────────────────────────────────────────────  │
│  Outputs:                                                                    │
│    /xdisk/egornish/mtoucedasuarez/b2wald_virus/metaT/genomad/all_viral_seqs  │
│    _marker_classification                                                    │
│    ├── all_viral_seqs_marker_classification.json (execution parameters)      │
│    ├── all_viral_seqs_features.tsv (sequence feature data: tabular format)   │
│    ├── all_viral_seqs_features.npz (sequence feature data: binary format)    │
│    ├── all_viral_seqs_marker_classification.tsv (sequence classification:    │
│    │   tabular format)                                                       │
│    └── all_viral_seqs_marker_classification.npz (sequence classification:    │
│        binary format)                                                        │
╰──────────────────────────────────────────────────────────────────────────────╯
[09:52:24] Executing genomad marker-classification.                             
[09:52:24] Creating the                                                         
           /xdisk/egornish/mtoucedasuarez/b2wald_virus/metaT/genomad/all_viral_s
           eqs_marker_classification directory.                                 
[09:52:43] Sequence features computed.                                          
[09:52:43] Sequence features in binary format written to                        
           all_viral_seqs_features.npz.                                         
[09:52:44] Sequence features in tabular format written to                       
           all_viral_seqs_features.tsv.                                         
[09:52:44] Sequences classified.                                                
[09:52:44] Sequence classification in binary format written to                  
           all_viral_seqs_marker_classification.npz.                            
[09:52:44] Sequence classification in tabular format written to                 
           all_viral_seqs_marker_classification.tsv.                            
[09:52:44] geNomad marker-classification finished!                              
╭──────────────────────────────────────────────────────────────────────────────╮
│  Executing geNomad nn-classification (v1.7.6). This will classify the input  │
│  sequences into chromosome, plasmid, or virus based on the nucleotide        │
│  sequence.                                                                   │
│  ──────────────────────────────────────────────────────────────────────────  │
│  Outputs:                                                                    │
│    /xdisk/egornish/mtoucedasuarez/b2wald_virus/metaT/genomad/all_viral_seqs  │
│    _nn_classification                                                        │
│    ├── all_viral_seqs_nn_classification.json (execution parameters)          │
│    ├── all_viral_seqs_encoded_sequences (directory containing encoded        │
│    │   sequence data)                                                        │
│    ├── all_viral_seqs_nn_classification.tsv (contig classification: tabular  │
│    │   format)                                                               │
│    └── all_viral_seqs_nn_classification.npz (contig classification: binary   │
│        format)                                                               │
╰──────────────────────────────────────────────────────────────────────────────╯
[09:53:22] Executing genomad nn-classification.                                 
[09:53:22] Creating the                                                         
           /xdisk/egornish/mtoucedasuarez/b2wald_virus/metaT/genomad/all_viral_s
           eqs_nn_classification directory.                                     
[09:53:22] Creating the                                                         
           /xdisk/egornish/mtoucedasuarez/b2wald_virus/metaT/genomad/all_viral_s
           eqs_nn_classification/all_viral_seqs_encoded_sequences directory.    
[09:53:59] Encoded sequence data written to all_viral_seqs_encoded_sequences.   

[09:57:02] Sequences classified.                                                
[09:57:02] Sequence classification in binary format written to                  
           all_viral_seqs_nn_classification.npz.                                
[09:57:03] Deleting encoded sequence data.                                      
[09:57:14] Sequence classification in tabular format written to                 
           all_viral_seqs_nn_classification.tsv.                                
[09:57:14] geNomad nn-classification finished!                                  
╭──────────────────────────────────────────────────────────────────────────────╮
│  Executing geNomad aggregated-classification (v1.7.6). This will aggregate   │
│  the results of the marker-classification and nn-classification modules to   │
│  classify the input sequences into chromosome, plasmid, or virus.            │
│  ──────────────────────────────────────────────────────────────────────────  │
│  Outputs:                                                                    │
│    /xdisk/egornish/mtoucedasuarez/b2wald_virus/metaT/genomad/all_viral_seqs  │
│    _aggregated_classification                                                │
│    ├── all_viral_seqs_aggregated_classification.json (execution parameters)  │
│    ├── all_viral_seqs_aggregated_classification.tsv (sequence                │
│    │   classification: tabular format)                                       │
│    └── all_viral_seqs_aggregated_classification.npz (sequence                │
│        classification: binary format)                                        │
╰──────────────────────────────────────────────────────────────────────────────╯
[09:57:15] Executing genomad aggregated-classification.                         
[09:57:15] Creating the                                                         
           /xdisk/egornish/mtoucedasuarez/b2wald_virus/metaT/genomad/all_viral_s
           eqs_aggregated_classification directory.                             
[09:57:15] The total marker frequencies of the input sequences were computed.   
[09:57:15] Sequences classified.                                                
[09:57:15] Sequence classification in binary format written to                  
           all_viral_seqs_aggregated_classification.npz.                        
[09:57:16] Sequence classification in tabular format written to                 
           all_viral_seqs_aggregated_classification.tsv.                        
[09:57:16] geNomad aggregated-classification finished!                          
╭──────────────────────────────────────────────────────────────────────────────╮
│  Executing geNomad summary (v1.7.6). This will summarize the results across  │
│  modules into a classification report.                                       │
│  ──────────────────────────────────────────────────────────────────────────  │
│  Outputs:                                                                    │
│    /xdisk/egornish/mtoucedasuarez/b2wald_virus/metaT/genomad/all_viral_seqs  │
│    _summary                                                                  │
│    ├── all_viral_seqs_summary.json (execution parameters)                    │
│    ├── all_viral_seqs_virus_summary.tsv (virus classification summary)       │
│    ├── all_viral_seqs_plasmid_summary.tsv (plasmid classification summary)   │
│    ├── all_viral_seqs_virus.fna (virus nucleotide FASTA file)                │
│    ├── all_viral_seqs_plasmid.fna (plasmid nucleotide FASTA file)            │
│    ├── all_viral_seqs_virus_proteins.faa (virus protein FASTA file)          │
│    ├── all_viral_seqs_plasmid_proteins.faa (plasmid protein FASTA file)      │
│    ├── all_viral_seqs_virus_genes.tsv (virus gene annotation data)           │
│    └── all_viral_seqs_plasmid_genes.tsv (plasmid gene annotation data)       │
╰──────────────────────────────────────────────────────────────────────────────╯
[09:57:16] Executing genomad summary.                                           
[09:57:16] Creating the                                                         
           /xdisk/egornish/mtoucedasuarez/b2wald_virus/metaT/genomad/all_viral_s
           eqs_summary directory.                                               
[09:57:16] Using scores from aggregated-classification.                         
[09:57:17] 3 plasmid(s) and 569 virus(es) were identified.                      
[09:57:26] Nucleotide sequences were written to all_viral_seqs_plasmid.fna and  
           all_viral_seqs_virus.fna.                                            
[09:57:30] Protein sequences were written to all_viral_seqs_plasmid_proteins.faa
           and all_viral_seqs_virus_proteins.faa.                               
[09:57:30] Gene annotation data was written to all_viral_seqs_plasmid_genes.tsv 
           and all_viral_seqs_virus_genes.tsv.                                  
[09:57:30] Summary files were written to all_viral_seqs_plasmid_summary.tsv and 
           all_viral_seqs_virus_summary.tsv.                                    
[09:57:30] geNomad summary finished!                                            
