╭──────────────────────────────────────────────────────────────────────────────╮
│  Executing geNomad annotate (v1.7.6). This will perform gene calling in the  │
│  input sequences and annotate the predicted proteins with geNomad's          │
│  markers.                                                                    │
│  ──────────────────────────────────────────────────────────────────────────  │
│  Outputs:                                                                    │
│    /xdisk/egornish/mtoucedasuarez/barberan_xdisk_0224/urban/virus/genomad/a  │
│    ll_viral_contigs_annotate                                                 │
│    ├── all_viral_contigs_annotate.json (execution parameters)                │
│    ├── all_viral_contigs_genes.tsv (gene annotation data)                    │
│    ├── all_viral_contigs_taxonomy.tsv (taxonomic assignment)                 │
│    ├── all_viral_contigs_mmseqs2.tsv (MMseqs2 output file)                   │
│    └── all_viral_contigs_proteins.faa (protein FASTA file)                   │
╰──────────────────────────────────────────────────────────────────────────────╯
[09:50:00] Executing genomad annotate.                                          
[09:50:00] Creating the                                                         
           /xdisk/egornish/mtoucedasuarez/barberan_xdisk_0224/urban/virus/genoma
           d/all_viral_contigs_annotate directory.                              
[09:51:10] Proteins predicted with pyrodigal-gv were written to                 
           all_viral_contigs_proteins.faa.                                      
[09:51:49] Proteins annotated with MMseqs2 and geNomad database (v1.7) were     
           written to all_viral_contigs_mmseqs2.tsv.                            
[09:51:49] Deleting all_viral_contigs_mmseqs2.                                  
[09:51:52] Gene data was written to all_viral_contigs_genes.tsv.                
[09:51:52] Taxonomic assignment data was written to                             
           all_viral_contigs_taxonomy.tsv.                                      
[09:51:52] geNomad annotate finished!                                           
╭──────────────────────────────────────────────────────────────────────────────╮
│  Executing geNomad find-proviruses (v1.7.6). This will find putative         │
│  proviral regions within the input sequences.                                │
│  ──────────────────────────────────────────────────────────────────────────  │
│  Outputs:                                                                    │
│    /xdisk/egornish/mtoucedasuarez/barberan_xdisk_0224/urban/virus/genomad/a  │
│    ll_viral_contigs_find_proviruses                                          │
│    ├── all_viral_contigs_find_proviruses.json (execution parameters)         │
│    ├── all_viral_contigs_provirus.tsv (provirus data)                        │
│    ├── all_viral_contigs_provirus.fna (provirus nucleotide sequences)        │
│    ├── all_viral_contigs_provirus_proteins.faa (provirus protein sequences)  │
│    ├── all_viral_contigs_provirus_genes.tsv (provirus gene annotation data)  │
│    ├── all_viral_contigs_provirus_taxonomy.tsv (provirus taxonomic           │
│    │   assignment)                                                           │
│    ├── all_viral_contigs_provirus_mmseqs2.tsv (MMseqs2 output file)          │
│    └── all_viral_contigs_provirus_aragorn.tsv (Aragorn output file)          │
╰──────────────────────────────────────────────────────────────────────────────╯
[09:51:53] Executing genomad find-proviruses.                                   
[09:51:53] Creating the                                                         
           /xdisk/egornish/mtoucedasuarez/barberan_xdisk_0224/urban/virus/genoma
           d/all_viral_contigs_find_proviruses directory.                       
[09:52:02] Integrases identified with MMseqs2 and geNomad database (v1.7) were  
           written to all_viral_contigs_provirus_mmseqs2.tsv.                   
[09:52:02] Deleting all_viral_contigs_provirus_mmseqs2.                         
[09:52:02] Deleting all_viral_contigs_provirus_mmseqs2_input.faa.               
[09:52:04] tRNAs identified with Aragorn were written to                        
           all_viral_contigs_provirus_aragorn.tsv.                              
[09:52:04] Deleting all_viral_contigs_provirus_aragorn_input.fna.               
[09:52:06] Provirus regions identified.                                         
[09:52:06] Provirus data was written to all_viral_contigs_provirus.tsv.         
[09:52:06] Provirus nucleotide sequences were written to                        
           all_viral_contigs_provirus.fna.                                      
[09:52:06] Provirus protein sequences were written to                           
           all_viral_contigs_provirus_proteins.faa.                             
[09:52:06] Provirus gene data was written to                                    
           all_viral_contigs_provirus_genes.tsv.                                
[09:52:06] Taxonomic assignment data was written to                             
           all_viral_contigs_provirus_taxonomy.tsv.                             
[09:52:06] geNomad find-proviruses finished!                                    
╭──────────────────────────────────────────────────────────────────────────────╮
│  Executing geNomad marker-classification (v1.7.6). This will classify the    │
│  input sequences into chromosome, plasmid, or virus based on the presence    │
│  of geNomad markers and other gene-related features.                         │
│  ──────────────────────────────────────────────────────────────────────────  │
│  Outputs:                                                                    │
│    /xdisk/egornish/mtoucedasuarez/barberan_xdisk_0224/urban/virus/genomad/a  │
│    ll_viral_contigs_marker_classification                                    │
│    ├── all_viral_contigs_marker_classification.json (execution parameters)   │
│    ├── all_viral_contigs_features.tsv (sequence feature data: tabular        │
│    │   format)                                                               │
│    ├── all_viral_contigs_features.npz (sequence feature data: binary         │
│    │   format)                                                               │
│    ├── all_viral_contigs_marker_classification.tsv (sequence                 │
│    │   classification: tabular format)                                       │
│    ├── all_viral_contigs_marker_classification.npz (sequence                 │
│    │   classification: binary format)                                        │
│    ├── all_viral_contigs_provirus_features.tsv (provirus feature data:       │
│    │   tabular format)                                                       │
│    ├── all_viral_contigs_provirus_features.npz (provirus feature data:       │
│    │   binary format)                                                        │
│    ├── all_viral_contigs_provirus_marker_classification.tsv (provirus        │
│    │   classification: tabular format)                                       │
│    └── all_viral_contigs_provirus_marker_classification.npz (provirus        │
│        classification: binary format)                                        │
╰──────────────────────────────────────────────────────────────────────────────╯
[09:52:07] Executing genomad marker-classification.                             
[09:52:07] Creating the                                                         
           /xdisk/egornish/mtoucedasuarez/barberan_xdisk_0224/urban/virus/genoma
           d/all_viral_contigs_marker_classification directory.                 
[09:52:11] Sequence features computed.                                          
[09:52:11] Sequence features in binary format written to                        
           all_viral_contigs_features.npz.                                      
[09:52:11] Sequence features in tabular format written to                       
           all_viral_contigs_features.tsv.                                      
[09:52:12] Provirus features computed.                                          
[09:52:12] Provirus features in binary format written to                        
           all_viral_contigs_provirus_features.npz.                             
[09:52:12] Provirus features in tabular format written to                       
           all_viral_contigs_provirus_features.tsv.                             
[09:52:12] Sequences classified.                                                
[09:52:12] Sequence classification in binary format written to                  
           all_viral_contigs_marker_classification.npz.                         
[09:52:12] Sequence classification in tabular format written to                 
           all_viral_contigs_marker_classification.tsv.                         
[09:52:12] Proviruses classified.                                               
[09:52:12] Provirus classification in binary format written to                  
           all_viral_contigs_provirus_marker_classification.npz.                
[09:52:12] Provirus classification in tabular format written to                 
           all_viral_contigs_provirus_marker_classification.tsv.                
[09:52:12] geNomad marker-classification finished!                              
╭──────────────────────────────────────────────────────────────────────────────╮
│  Executing geNomad nn-classification (v1.7.6). This will classify the input  │
│  sequences into chromosome, plasmid, or virus based on the nucleotide        │
│  sequence.                                                                   │
│  ──────────────────────────────────────────────────────────────────────────  │
│  Outputs:                                                                    │
│    /xdisk/egornish/mtoucedasuarez/barberan_xdisk_0224/urban/virus/genomad/a  │
│    ll_viral_contigs_nn_classification                                        │
│    ├── all_viral_contigs_nn_classification.json (execution parameters)       │
│    ├── all_viral_contigs_encoded_sequences (directory containing encoded     │
│    │   sequence data)                                                        │
│    ├── all_viral_contigs_nn_classification.tsv (contig classification:       │
│    │   tabular format)                                                       │
│    ├── all_viral_contigs_nn_classification.npz (contig classification:       │
│    │   binary format)                                                        │
│    ├── all_viral_contigs_encoded_proviruses (directory containing encoded    │
│    │   sequence data)                                                        │
│    ├── all_viral_contigs_provirus_nn_classification.tsv (provirus            │
│    │   classification: tabular format)                                       │
│    └── all_viral_contigs_provirus_nn_classification.npz (provirus            │
│        classification: binary format)                                        │
╰──────────────────────────────────────────────────────────────────────────────╯
[09:52:17] Executing genomad nn-classification.                                 
[09:52:17] Creating the                                                         
           /xdisk/egornish/mtoucedasuarez/barberan_xdisk_0224/urban/virus/genoma
           d/all_viral_contigs_nn_classification directory.                     
[09:52:17] Creating the                                                         
           /xdisk/egornish/mtoucedasuarez/barberan_xdisk_0224/urban/virus/genoma
           d/all_viral_contigs_nn_classification/all_viral_contigs_encoded_seque
           nces directory.                                                      
[09:52:37] Encoded sequence data written to all_viral_contigs_encoded_sequences.
[09:52:37] Creating the                                                         
           /xdisk/egornish/mtoucedasuarez/barberan_xdisk_0224/urban/virus/genoma
           d/all_viral_contigs_nn_classification/all_viral_contigs_encoded_provi
           ruses directory.                                                     
[09:52:37] Encoded provirus data written to                                     
           all_viral_contigs_encoded_proviruses.                                

[09:55:54] Sequences classified.                                                
[09:55:54] Sequence classification in binary format written to                  
           all_viral_contigs_nn_classification.npz.                             
[09:55:54] Deleting encoded sequence data.                                      
[09:56:06] Sequence classification in tabular format written to                 
           all_viral_contigs_nn_classification.tsv.                             

[09:56:09] Proviruses classified.                                               
[09:56:09] Provirus classification in binary format written to                  
           all_viral_contigs_provirus_nn_classification.npz.                    
[09:56:09] Deleting encoded provirus data.                                      
[09:56:09] Provirus classification in tabular format written to                 
           all_viral_contigs_provirus_nn_classification.tsv.                    
[09:56:09] geNomad nn-classification finished!                                  
╭──────────────────────────────────────────────────────────────────────────────╮
│  Executing geNomad aggregated-classification (v1.7.6). This will aggregate   │
│  the results of the marker-classification and nn-classification modules to   │
│  classify the input sequences into chromosome, plasmid, or virus.            │
│  ──────────────────────────────────────────────────────────────────────────  │
│  Outputs:                                                                    │
│    /xdisk/egornish/mtoucedasuarez/barberan_xdisk_0224/urban/virus/genomad/a  │
│    ll_viral_contigs_aggregated_classification                                │
│    ├── all_viral_contigs_aggregated_classification.json (execution           │
│    │   parameters)                                                           │
│    ├── all_viral_contigs_aggregated_classification.tsv (sequence             │
│    │   classification: tabular format)                                       │
│    ├── all_viral_contigs_aggregated_classification.npz (sequence             │
│    │   classification: binary format)                                        │
│    ├── all_viral_contigs_provirus_aggregated_classification.tsv (provirus    │
│    │   classification: tabular format)                                       │
│    └── all_viral_contigs_provirus_aggregated_classification.npz (provirus    │
│        classification: binary format)                                        │
╰──────────────────────────────────────────────────────────────────────────────╯
[09:56:09] Executing genomad aggregated-classification.                         
[09:56:09] Creating the                                                         
           /xdisk/egornish/mtoucedasuarez/barberan_xdisk_0224/urban/virus/genoma
           d/all_viral_contigs_aggregated_classification directory.             
[09:56:09] The total marker frequencies of the input sequences were computed.   
[09:56:10] Sequences classified.                                                
[09:56:10] Sequence classification in binary format written to                  
           all_viral_contigs_aggregated_classification.npz.                     
[09:56:10] Sequence classification in tabular format written to                 
           all_viral_contigs_aggregated_classification.tsv.                     
[09:56:10] Proviruses classified.                                               
[09:56:10] Provirus classification in binary format written to                  
           all_viral_contigs_provirus_aggregated_classification.npz.            
[09:56:10] Provirus classification in tabular format written to                 
           all_viral_contigs_provirus_aggregated_classification.tsv.            
[09:56:10] geNomad aggregated-classification finished!                          
╭──────────────────────────────────────────────────────────────────────────────╮
│  Executing geNomad summary (v1.7.6). This will summarize the results across  │
│  modules into a classification report.                                       │
│  ──────────────────────────────────────────────────────────────────────────  │
│  Outputs:                                                                    │
│    /xdisk/egornish/mtoucedasuarez/barberan_xdisk_0224/urban/virus/genomad/a  │
│    ll_viral_contigs_summary                                                  │
│    ├── all_viral_contigs_summary.json (execution parameters)                 │
│    ├── all_viral_contigs_virus_summary.tsv (virus classification summary)    │
│    ├── all_viral_contigs_plasmid_summary.tsv (plasmid classification         │
│    │   summary)                                                              │
│    ├── all_viral_contigs_virus.fna (virus nucleotide FASTA file)             │
│    ├── all_viral_contigs_plasmid.fna (plasmid nucleotide FASTA file)         │
│    ├── all_viral_contigs_virus_proteins.faa (virus protein FASTA file)       │
│    ├── all_viral_contigs_plasmid_proteins.faa (plasmid protein FASTA file)   │
│    ├── all_viral_contigs_virus_genes.tsv (virus gene annotation data)        │
│    └── all_viral_contigs_plasmid_genes.tsv (plasmid gene annotation data)    │
╰──────────────────────────────────────────────────────────────────────────────╯
[09:56:10] Executing genomad summary.                                           
[09:56:10] Creating the                                                         
           /xdisk/egornish/mtoucedasuarez/barberan_xdisk_0224/urban/virus/genoma
           d/all_viral_contigs_summary directory.                               
[09:56:10] Using scores from aggregated-classification.                         
[09:56:10] 561 plasmid(s) and 4,170 virus(es) were identified.                  
[09:56:14] Nucleotide sequences were written to all_viral_contigs_plasmid.fna   
           and all_viral_contigs_virus.fna.                                     
[09:56:16] Protein sequences were written to                                    
           all_viral_contigs_plasmid_proteins.faa and                           
           all_viral_contigs_virus_proteins.faa.                                
[09:56:16] Gene annotation data was written to                                  
           all_viral_contigs_plasmid_genes.tsv and                              
           all_viral_contigs_virus_genes.tsv.                                   
[09:56:16] Summary files were written to all_viral_contigs_plasmid_summary.tsv  
           and all_viral_contigs_virus_summary.tsv.                             
[09:56:16] geNomad summary finished!                                            
