[2023-05-16T14:05:49Z INFO  coverm] CoverM version 0.6.1
[2023-05-16T14:05:49Z INFO  coverm] Using min-read-percent-identity 95%
[2023-05-16T14:05:49Z INFO  coverm] Writing output to file: viral_species_count_table.txt
[2023-05-16T14:05:49Z INFO  coverm] Using min-covered-fraction 0%
[2023-05-16T14:05:51Z INFO  coverm::contig] In sample 'A03', found 196963 reads mapped out of 4681938 total (4.21%)
[2023-05-16T14:05:52Z INFO  coverm::contig] In sample 'A04', found 169036 reads mapped out of 3504596 total (4.82%)
[2023-05-16T14:05:53Z INFO  coverm::contig] In sample 'A05', found 452542 reads mapped out of 3390010 total (13.35%)
[2023-05-16T14:05:54Z INFO  coverm::contig] In sample 'A06', found 113704 reads mapped out of 3866241 total (2.94%)
[2023-05-16T14:05:55Z INFO  coverm::contig] In sample 'A07', found 270306 reads mapped out of 3556222 total (7.60%)
[2023-05-16T14:05:56Z INFO  coverm::contig] In sample 'A08', found 252210 reads mapped out of 4047733 total (6.23%)
[2023-05-16T14:05:57Z INFO  coverm::contig] In sample 'A09', found 204493 reads mapped out of 3275662 total (6.24%)
[2023-05-16T14:05:58Z INFO  coverm::contig] In sample 'A10', found 313509 reads mapped out of 3716234 total (8.44%)
[2023-05-16T14:05:59Z INFO  coverm::contig] In sample 'A11', found 1146275 reads mapped out of 4112634 total (27.87%)
[2023-05-16T14:06:00Z INFO  coverm::contig] In sample 'A12', found 133590 reads mapped out of 3379064 total (3.95%)
[2023-05-16T14:06:01Z INFO  coverm::contig] In sample 'A13', found 614224 reads mapped out of 5460034 total (11.25%)
[2023-05-16T14:06:02Z INFO  coverm::contig] In sample 'A14', found 182660 reads mapped out of 5329748 total (3.43%)
[2023-05-16T14:06:04Z INFO  coverm::contig] In sample 'A15', found 225035 reads mapped out of 4427852 total (5.08%)
[2023-05-16T14:06:05Z INFO  coverm::contig] In sample 'A16', found 161967 reads mapped out of 4415515 total (3.67%)
[2023-05-16T14:06:06Z INFO  coverm::contig] In sample 'A17', found 154229 reads mapped out of 3424275 total (4.50%)
[2023-05-16T14:06:07Z INFO  coverm::contig] In sample 'A18', found 198551 reads mapped out of 3821022 total (5.20%)
[2023-05-16T14:06:07Z INFO  coverm::contig] In sample 'A19', found 140469 reads mapped out of 3262204 total (4.31%)
[2023-05-16T14:06:08Z INFO  coverm::contig] In sample 'A20', found 146460 reads mapped out of 4120033 total (3.55%)
[2023-05-16T14:06:10Z INFO  coverm::contig] In sample 'A21', found 210670 reads mapped out of 4682278 total (4.50%)
[2023-05-16T14:06:11Z INFO  coverm::contig] In sample 'A22', found 191192 reads mapped out of 4759539 total (4.02%)
[2023-05-16T14:06:12Z INFO  coverm::contig] In sample 'A23', found 157029 reads mapped out of 3839114 total (4.09%)
[2023-05-16T14:06:13Z INFO  coverm::contig] In sample 'A24', found 304188 reads mapped out of 4530388 total (6.71%)
[2023-05-16T14:06:14Z INFO  coverm::contig] In sample 'A25', found 162083 reads mapped out of 3489326 total (4.65%)
[2023-05-16T14:06:15Z INFO  coverm::contig] In sample 'A26', found 274345 reads mapped out of 4356083 total (6.30%)
[2023-05-16T14:06:16Z INFO  coverm::contig] In sample 'A27', found 152428 reads mapped out of 4568340 total (3.34%)
[2023-05-16T14:06:18Z INFO  coverm::contig] In sample 'A28', found 272447 reads mapped out of 6085237 total (4.48%)
[2023-05-16T14:06:19Z INFO  coverm::contig] In sample 'A31', found 125732 reads mapped out of 4446121 total (2.83%)
[2023-05-16T14:06:20Z INFO  coverm::contig] In sample 'A32', found 218677 reads mapped out of 3626892 total (6.03%)
[2023-05-16T14:06:21Z INFO  coverm::contig] In sample 'A33', found 276042 reads mapped out of 3785519 total (7.29%)
[2023-05-16T14:06:22Z INFO  coverm::contig] In sample 'A34', found 307997 reads mapped out of 5021168 total (6.13%)
[2023-05-16T14:06:23Z INFO  coverm::contig] In sample 'A35', found 212079 reads mapped out of 3811695 total (5.56%)
[2023-05-16T14:06:24Z INFO  coverm::contig] In sample 'A36', found 231975 reads mapped out of 5364525 total (4.32%)
[2023-05-16T14:06:26Z INFO  coverm::contig] In sample 'A37', found 200181 reads mapped out of 4275335 total (4.68%)
[2023-05-16T14:06:27Z INFO  coverm::contig] In sample 'A38', found 640981 reads mapped out of 5047389 total (12.70%)
[2023-05-16T14:06:28Z INFO  coverm::contig] In sample 'A39', found 204711 reads mapped out of 5302344 total (3.86%)
[2023-05-16T14:06:30Z INFO  coverm::contig] In sample 'A40', found 219433 reads mapped out of 5654138 total (3.88%)
[2023-05-16T14:06:31Z INFO  coverm::contig] In sample 'A41', found 119370 reads mapped out of 4717389 total (2.53%)
[2023-05-16T14:06:32Z INFO  coverm::contig] In sample 'A42', found 138698 reads mapped out of 4994093 total (2.78%)
[2023-05-16T14:06:33Z INFO  coverm::contig] In sample 'A43', found 110340 reads mapped out of 4316527 total (2.56%)
[2023-05-16T14:06:35Z INFO  coverm::contig] In sample 'A44', found 133358 reads mapped out of 4672826 total (2.85%)
[2023-05-16T14:06:35Z INFO  coverm::contig] In sample 'A45', found 185782 reads mapped out of 3036644 total (6.12%)
[2023-05-16T14:06:37Z INFO  coverm::contig] In sample 'A46', found 173633 reads mapped out of 6484841 total (2.68%)
[2023-05-16T14:06:38Z INFO  coverm::contig] In sample 'A47', found 191307 reads mapped out of 4098940 total (4.67%)
[2023-05-16T14:06:39Z INFO  coverm::contig] In sample 'A48', found 156047 reads mapped out of 4370650 total (3.57%)
[2023-05-16T14:06:41Z INFO  coverm::contig] In sample 'A49', found 179511 reads mapped out of 4541020 total (3.95%)
[2023-05-16T14:06:42Z INFO  coverm::contig] In sample 'A50', found 371665 reads mapped out of 5296251 total (7.02%)
[2023-05-16T14:06:43Z INFO  coverm::contig] In sample 'A51', found 490218 reads mapped out of 4498409 total (10.90%)
[2023-05-16T14:06:44Z INFO  coverm::contig] In sample 'A52', found 143667 reads mapped out of 3603585 total (3.99%)
[2023-05-16T14:06:45Z INFO  coverm::contig] In sample 'A53', found 286635 reads mapped out of 4154453 total (6.90%)
[2023-05-16T14:06:46Z INFO  coverm::contig] In sample 'A54', found 191250 reads mapped out of 4788806 total (3.99%)
[2023-05-16T14:06:47Z INFO  coverm::contig] In sample 'A55', found 151361 reads mapped out of 3857174 total (3.92%)
[2023-05-16T14:06:48Z INFO  coverm::contig] In sample 'A56', found 187538 reads mapped out of 4428455 total (4.23%)
[2023-05-16T14:06:49Z INFO  coverm::contig] In sample 'A57', found 330903 reads mapped out of 3682737 total (8.99%)
[2023-05-16T14:06:53Z INFO  coverm::contig] In sample 'A58', found 236839 reads mapped out of 12408269 total (1.91%)
Detailed performance metrics for this job will be available at https://metrics.hpc.arizona.edu/#job_viewer?action=show&realm=SUPREMM&resource_id=73&local_job_id=7247541 by 8am on 2023/05/17.
