[2023-06-22T22:58:30Z INFO  coverm] CoverM version 0.6.1
[2023-06-22T22:58:30Z INFO  coverm] Using min-read-percent-identity 95%
[2023-06-22T22:58:30Z INFO  coverm] Writing output to file: resfinder_out_count_table.txt
[2023-06-22T22:58:30Z INFO  coverm] Using min-covered-fraction 0%
[2023-06-22T22:58:30Z INFO  coverm::contig] In sample '11B-T1-3', found 79 reads mapped out of 3312 total (2.39%)
[2023-06-22T22:58:30Z INFO  coverm::contig] In sample '11B-T1-6', found 65 reads mapped out of 4096 total (1.59%)
[2023-06-22T22:58:30Z INFO  coverm::contig] In sample '11B-T1-9', found 40 reads mapped out of 1673 total (2.39%)
[2023-06-22T22:58:30Z INFO  coverm::contig] In sample '8-T1-3', found 36 reads mapped out of 5125 total (0.70%)
[2023-06-22T22:58:30Z INFO  coverm::contig] In sample '8-T1-6', found 55 reads mapped out of 1771 total (3.11%)
[2023-06-22T22:58:30Z INFO  coverm::contig] In sample '8-T1-9', found 58 reads mapped out of 2271 total (2.55%)
[2023-06-22T22:58:30Z INFO  coverm::contig] In sample 'Ex45-T1-3', found 47 reads mapped out of 1485 total (3.16%)
[2023-06-22T22:58:30Z INFO  coverm::contig] In sample 'Ex45-T1-6', found 50 reads mapped out of 2368 total (2.11%)
[2023-06-22T22:58:30Z INFO  coverm::contig] In sample 'Ex45-T1-9', found 59 reads mapped out of 1600 total (3.69%)
[2023-06-22T22:58:30Z INFO  coverm::contig] In sample 'HP-T1-3', found 40 reads mapped out of 2334 total (1.71%)
[2023-06-22T22:58:30Z INFO  coverm::contig] In sample 'HP-T1-6', found 47 reads mapped out of 3232 total (1.45%)
[2023-06-22T22:58:30Z INFO  coverm::contig] In sample 'HP-T1-9', found 30 reads mapped out of 2861 total (1.05%)
[2023-06-22T22:58:30Z INFO  coverm::contig] In sample 'RC-T1-3', found 48 reads mapped out of 1822 total (2.63%)
[2023-06-22T22:58:30Z INFO  coverm::contig] In sample 'RC-T1-6', found 52 reads mapped out of 1884 total (2.76%)
[2023-06-22T22:58:30Z INFO  coverm::contig] In sample 'RC-T1-9', found 50 reads mapped out of 1749 total (2.86%)
[2023-06-22T22:58:30Z INFO  coverm::contig] In sample 'RP-T1-3', found 67 reads mapped out of 3824 total (1.75%)
[2023-06-22T22:58:30Z INFO  coverm::contig] In sample 'RP-T1-6', found 66 reads mapped out of 6265 total (1.05%)
[2023-06-22T22:58:30Z INFO  coverm::contig] In sample 'RP-T1-9', found 39 reads mapped out of 3042 total (1.28%)
[2023-06-22T22:58:30Z INFO  coverm::contig] In sample 'SC-T1-3', found 69 reads mapped out of 2656 total (2.60%)
[2023-06-22T22:58:30Z INFO  coverm::contig] In sample 'SC-T1-6', found 38 reads mapped out of 1524 total (2.49%)
[2023-06-22T22:58:30Z INFO  coverm::contig] In sample 'SC-T1-9', found 37 reads mapped out of 1676 total (2.21%)
[2023-06-22T22:58:30Z INFO  coverm::contig] In sample 'UAB-T1-3', found 52 reads mapped out of 1678 total (3.10%)
[2023-06-22T22:58:30Z INFO  coverm::contig] In sample 'UAB-T1-6', found 99 reads mapped out of 4686 total (2.11%)
[2023-06-22T22:58:30Z INFO  coverm::contig] In sample 'UAB-T1-9', found 42 reads mapped out of 2488 total (1.69%)
Detailed performance metrics for this job will be available at https://metrics.hpc.arizona.edu/#job_viewer?action=show&realm=SUPREMM&resource_id=73&local_job_id=7490525 by 8am on 2023/06/23.
