[2023-06-23T16:07:51Z INFO  coverm] CoverM version 0.6.1
[2023-06-23T16:07:51Z INFO  coverm] Using min-read-percent-identity 95%
[2023-06-23T16:07:51Z INFO  coverm] Writing output to file: resfinder_out_count_table.txt
[2023-06-23T16:07:51Z INFO  coverm] Using min-covered-fraction 0%
[2023-06-23T16:07:51Z INFO  coverm::contig] In sample 'A03', found 84 reads mapped out of 23701 total (0.35%)
[2023-06-23T16:07:51Z INFO  coverm::contig] In sample 'A04', found 72 reads mapped out of 8913 total (0.81%)
[2023-06-23T16:07:51Z INFO  coverm::contig] In sample 'A05', found 38 reads mapped out of 1885 total (2.02%)
[2023-06-23T16:07:51Z INFO  coverm::contig] In sample 'A06', found 80 reads mapped out of 16923 total (0.47%)
[2023-06-23T16:07:51Z INFO  coverm::contig] In sample 'A07', found 80 reads mapped out of 6259 total (1.28%)
[2023-06-23T16:07:51Z INFO  coverm::contig] In sample 'A08', found 75 reads mapped out of 10736 total (0.70%)
[2023-06-23T16:07:51Z INFO  coverm::contig] In sample 'A09', found 74 reads mapped out of 6520 total (1.13%)
[2023-06-23T16:07:51Z INFO  coverm::contig] In sample 'A10', found 97 reads mapped out of 18659 total (0.52%)
[2023-06-23T16:07:51Z INFO  coverm::contig] In sample 'A11', found 98 reads mapped out of 4834 total (2.03%)
[2023-06-23T16:07:51Z INFO  coverm::contig] In sample 'A12', found 84 reads mapped out of 17007 total (0.49%)
[2023-06-23T16:07:51Z INFO  coverm::contig] In sample 'A13', found 77 reads mapped out of 16663 total (0.46%)
[2023-06-23T16:07:51Z INFO  coverm::contig] In sample 'A14', found 88 reads mapped out of 33635 total (0.26%)
[2023-06-23T16:07:51Z INFO  coverm::contig] In sample 'A15', found 213 reads mapped out of 37011 total (0.58%)
[2023-06-23T16:07:51Z INFO  coverm::contig] In sample 'A16', found 79 reads mapped out of 20278 total (0.39%)
[2023-06-23T16:07:51Z INFO  coverm::contig] In sample 'A17', found 56 reads mapped out of 12569 total (0.45%)
[2023-06-23T16:07:51Z INFO  coverm::contig] In sample 'A18', found 89 reads mapped out of 18920 total (0.47%)
[2023-06-23T16:07:51Z INFO  coverm::contig] In sample 'A19', found 104 reads mapped out of 11628 total (0.89%)
[2023-06-23T16:07:51Z INFO  coverm::contig] In sample 'A20', found 90 reads mapped out of 22469 total (0.40%)
[2023-06-23T16:07:51Z INFO  coverm::contig] In sample 'A21', found 123 reads mapped out of 24010 total (0.51%)
[2023-06-23T16:07:51Z INFO  coverm::contig] In sample 'A22', found 120 reads mapped out of 26256 total (0.46%)
[2023-06-23T16:07:51Z INFO  coverm::contig] In sample 'A23', found 87 reads mapped out of 12919 total (0.67%)
[2023-06-23T16:07:51Z INFO  coverm::contig] In sample 'A24', found 95 reads mapped out of 26324 total (0.36%)
[2023-06-23T16:07:51Z INFO  coverm::contig] In sample 'A25', found 92 reads mapped out of 14324 total (0.64%)
[2023-06-23T16:07:51Z INFO  coverm::contig] In sample 'A26', found 89 reads mapped out of 8064 total (1.10%)
[2023-06-23T16:07:51Z INFO  coverm::contig] In sample 'A27', found 183 reads mapped out of 31551 total (0.58%)
[2023-06-23T16:07:51Z INFO  coverm::contig] In sample 'A28', found 146 reads mapped out of 35724 total (0.41%)
[2023-06-23T16:07:51Z INFO  coverm::contig] In sample 'A31', found 118 reads mapped out of 30444 total (0.39%)
[2023-06-23T16:07:51Z INFO  coverm::contig] In sample 'A32', found 125 reads mapped out of 22797 total (0.55%)
[2023-06-23T16:07:51Z INFO  coverm::contig] In sample 'A33', found 74 reads mapped out of 13058 total (0.57%)
[2023-06-23T16:07:51Z INFO  coverm::contig] In sample 'A34', found 58 reads mapped out of 12343 total (0.47%)
[2023-06-23T16:07:51Z INFO  coverm::contig] In sample 'A35', found 67 reads mapped out of 14199 total (0.47%)
[2023-06-23T16:07:51Z INFO  coverm::contig] In sample 'A36', found 84 reads mapped out of 23403 total (0.36%)
[2023-06-23T16:07:51Z INFO  coverm::contig] In sample 'A37', found 97 reads mapped out of 22147 total (0.44%)
[2023-06-23T16:07:51Z INFO  coverm::contig] In sample 'A38', found 130 reads mapped out of 20725 total (0.63%)
[2023-06-23T16:07:51Z INFO  coverm::contig] In sample 'A39', found 84 reads mapped out of 37432 total (0.22%)
[2023-06-23T16:07:51Z INFO  coverm::contig] In sample 'A40', found 94 reads mapped out of 27481 total (0.34%)
[2023-06-23T16:07:51Z INFO  coverm::contig] In sample 'A41', found 81 reads mapped out of 32669 total (0.25%)
[2023-06-23T16:07:52Z INFO  coverm::contig] In sample 'A42', found 72 reads mapped out of 29170 total (0.25%)
[2023-06-23T16:07:52Z INFO  coverm::contig] In sample 'A43', found 82 reads mapped out of 27886 total (0.29%)
[2023-06-23T16:07:52Z INFO  coverm::contig] In sample 'A44', found 64 reads mapped out of 26273 total (0.24%)
[2023-06-23T16:07:52Z INFO  coverm::contig] In sample 'A45', found 60 reads mapped out of 14206 total (0.42%)
[2023-06-23T16:07:52Z INFO  coverm::contig] In sample 'A46', found 117 reads mapped out of 58048 total (0.20%)
[2023-06-23T16:07:52Z INFO  coverm::contig] In sample 'A47', found 52 reads mapped out of 8517 total (0.61%)
[2023-06-23T16:07:52Z INFO  coverm::contig] In sample 'A48', found 66 reads mapped out of 17705 total (0.37%)
[2023-06-23T16:07:52Z INFO  coverm::contig] In sample 'A49', found 97 reads mapped out of 23815 total (0.41%)
[2023-06-23T16:07:52Z INFO  coverm::contig] In sample 'A50', found 64 reads mapped out of 27450 total (0.23%)
[2023-06-23T16:07:52Z INFO  coverm::contig] In sample 'A51', found 98 reads mapped out of 14551 total (0.67%)
[2023-06-23T16:07:52Z INFO  coverm::contig] In sample 'A52', found 146 reads mapped out of 18623 total (0.78%)
[2023-06-23T16:07:52Z INFO  coverm::contig] In sample 'A53', found 91 reads mapped out of 21846 total (0.42%)
[2023-06-23T16:07:52Z INFO  coverm::contig] In sample 'A54', found 113 reads mapped out of 27901 total (0.41%)
[2023-06-23T16:07:52Z INFO  coverm::contig] In sample 'A55', found 159 reads mapped out of 20998 total (0.76%)
[2023-06-23T16:07:52Z INFO  coverm::contig] In sample 'A56', found 154 reads mapped out of 32592 total (0.47%)
[2023-06-23T16:07:52Z INFO  coverm::contig] In sample 'A57', found 90 reads mapped out of 18831 total (0.48%)
[2023-06-23T16:07:52Z INFO  coverm::contig] In sample 'A58', found 92 reads mapped out of 120948 total (0.08%)
Detailed performance metrics for this job will be available at https://metrics.hpc.arizona.edu/#job_viewer?action=show&realm=SUPREMM&resource_id=73&local_job_id=7494226 by 8am on 2023/06/24.
