[2023-11-20T21:45:28Z INFO  coverm] CoverM version 0.6.1
[2023-11-20T21:45:28Z INFO  coverm] Writing output to file: mags_count_table.txt
[2023-11-20T21:45:28Z INFO  coverm] Using min-covered-fraction 10%
[2023-11-20T21:45:28Z INFO  bird_tool_utils::clap_utils] Not using directory entry '/xdisk/barberan/mtoucedasuarez/urban/mags/single/single_70_10/.DS_Store' as a genome FASTA file
[2023-11-20T21:45:28Z INFO  bird_tool_utils::clap_utils] Not using directory entry '/xdisk/barberan/mtoucedasuarez/urban/mags/single/single_70_10/all_bins.fasta' as a genome FASTA file, as it does not end with the extension '.fa'
[2023-11-20T21:45:30Z INFO  coverm::genome] Of 54254 reference IDs, 54254 were assigned to a genome and 0 were not
[2023-11-20T21:45:33Z INFO  coverm::genome] In sample 'A03', found 6762255 reads mapped out of 7316830 total (92.42%)
[2023-11-20T21:45:35Z INFO  coverm::genome] In sample 'A04', found 6410553 reads mapped out of 6996498 total (91.63%)
[2023-11-20T21:45:38Z INFO  coverm::genome] In sample 'A05', found 6120889 reads mapped out of 7316824 total (83.65%)
[2023-11-20T21:45:40Z INFO  coverm::genome] In sample 'A06', found 5923510 reads mapped out of 6498088 total (91.16%)
[2023-11-20T21:45:43Z INFO  coverm::genome] In sample 'A07', found 7210205 reads mapped out of 7703878 total (93.59%)
[2023-11-20T21:45:46Z INFO  coverm::genome] In sample 'A08', found 6860033 reads mapped out of 7566060 total (90.67%)
[2023-11-20T21:45:49Z INFO  coverm::genome] In sample 'A09', found 7998080 reads mapped out of 8518280 total (93.89%)
[2023-11-20T21:45:53Z INFO  coverm::genome] In sample 'A10', found 10629084 reads mapped out of 11557274 total (91.97%)
[2023-11-20T21:45:55Z INFO  coverm::genome] In sample 'A11', found 7094475 reads mapped out of 8236422 total (86.14%)
[2023-11-20T21:45:58Z INFO  coverm::genome] In sample 'A12', found 4808588 reads mapped out of 5454990 total (88.15%)
[2023-11-20T21:46:00Z INFO  coverm::genome] In sample 'A13', found 5860626 reads mapped out of 6824574 total (85.88%)
[2023-11-20T21:46:04Z INFO  coverm::genome] In sample 'A14', found 9929242 reads mapped out of 10331716 total (96.10%)
[2023-11-20T21:46:06Z INFO  coverm::genome] In sample 'A15', found 6297193 reads mapped out of 7125374 total (88.38%)
[2023-11-20T21:46:09Z INFO  coverm::genome] In sample 'A16', found 7483900 reads mapped out of 8108172 total (92.30%)
[2023-11-20T21:46:12Z INFO  coverm::genome] In sample 'A17', found 7966274 reads mapped out of 8538690 total (93.30%)
[2023-11-20T21:46:15Z INFO  coverm::genome] In sample 'A18', found 8104589 reads mapped out of 8783274 total (92.27%)
[2023-11-20T21:46:18Z INFO  coverm::genome] In sample 'A19', found 6320735 reads mapped out of 6886032 total (91.79%)
[2023-11-20T21:46:21Z INFO  coverm::genome] In sample 'A20', found 6804741 reads mapped out of 7317658 total (92.99%)
[2023-11-20T21:46:23Z INFO  coverm::genome] In sample 'A21', found 7630155 reads mapped out of 8162810 total (93.47%)
[2023-11-20T21:46:27Z INFO  coverm::genome] In sample 'A22', found 8107188 reads mapped out of 8803014 total (92.10%)
[2023-11-20T21:46:29Z INFO  coverm::genome] In sample 'A23', found 6464674 reads mapped out of 7100472 total (91.05%)
[2023-11-20T21:46:32Z INFO  coverm::genome] In sample 'A24', found 7034685 reads mapped out of 7627584 total (92.23%)
[2023-11-20T21:46:35Z INFO  coverm::genome] In sample 'A25', found 7474286 reads mapped out of 8091550 total (92.37%)
[2023-11-20T21:46:38Z INFO  coverm::genome] In sample 'A26', found 7215406 reads mapped out of 7734322 total (93.29%)
[2023-11-20T21:46:40Z INFO  coverm::genome] In sample 'A27', found 6254582 reads mapped out of 6742216 total (92.77%)
[2023-11-20T21:46:43Z INFO  coverm::genome] In sample 'A28', found 7891093 reads mapped out of 8460984 total (93.26%)
[2023-11-20T21:46:46Z INFO  coverm::genome] In sample 'A31', found 7552901 reads mapped out of 8124456 total (92.97%)
[2023-11-20T21:46:48Z INFO  coverm::genome] In sample 'A32', found 5645713 reads mapped out of 6496634 total (86.90%)
[2023-11-20T21:46:51Z INFO  coverm::genome] In sample 'A33', found 7280343 reads mapped out of 7951742 total (91.56%)
[2023-11-20T21:46:54Z INFO  coverm::genome] In sample 'A34', found 8239064 reads mapped out of 8883126 total (92.75%)
[2023-11-20T21:46:57Z INFO  coverm::genome] In sample 'A35', found 6771254 reads mapped out of 7257524 total (93.30%)
[2023-11-20T21:47:00Z INFO  coverm::genome] In sample 'A36', found 8276107 reads mapped out of 8898982 total (93.00%)
[2023-11-20T21:47:03Z INFO  coverm::genome] In sample 'A37', found 6867798 reads mapped out of 7653572 total (89.73%)
[2023-11-20T21:47:06Z INFO  coverm::genome] In sample 'A38', found 9058243 reads mapped out of 9964400 total (90.91%)
[2023-11-20T21:47:09Z INFO  coverm::genome] In sample 'A39', found 7413978 reads mapped out of 8097304 total (91.56%)
[2023-11-20T21:47:13Z INFO  coverm::genome] In sample 'A40', found 10860694 reads mapped out of 11339908 total (95.77%)
[2023-11-20T21:47:16Z INFO  coverm::genome] In sample 'A41', found 7034238 reads mapped out of 7665162 total (91.77%)
[2023-11-20T21:47:19Z INFO  coverm::genome] In sample 'A42', found 6651402 reads mapped out of 7371384 total (90.23%)
[2023-11-20T21:47:21Z INFO  coverm::genome] In sample 'A43', found 6235715 reads mapped out of 6897668 total (90.40%)
[2023-11-20T21:47:24Z INFO  coverm::genome] In sample 'A44', found 6520591 reads mapped out of 7135754 total (91.38%)
[2023-11-20T21:47:26Z INFO  coverm::genome] In sample 'A45', found 4811216 reads mapped out of 5472812 total (87.91%)
[2023-11-20T21:47:29Z INFO  coverm::genome] In sample 'A46', found 8676330 reads mapped out of 9281516 total (93.48%)
[2023-11-20T21:47:32Z INFO  coverm::genome] In sample 'A47', found 6797328 reads mapped out of 7403136 total (91.82%)
[2023-11-20T21:47:35Z INFO  coverm::genome] In sample 'A48', found 7221607 reads mapped out of 7765724 total (92.99%)
[2023-11-20T21:47:38Z INFO  coverm::genome] In sample 'A49', found 8300649 reads mapped out of 8828556 total (94.02%)
[2023-11-20T21:47:41Z INFO  coverm::genome] In sample 'A50', found 9291915 reads mapped out of 9805514 total (94.76%)
[2023-11-20T21:47:44Z INFO  coverm::genome] In sample 'A51', found 8630985 reads mapped out of 9224418 total (93.57%)
[2023-11-20T21:47:47Z INFO  coverm::genome] In sample 'A52', found 6997885 reads mapped out of 7601254 total (92.06%)
[2023-11-20T21:47:50Z INFO  coverm::genome] In sample 'A53', found 5499545 reads mapped out of 6519814 total (84.35%)
[2023-11-20T21:47:53Z INFO  coverm::genome] In sample 'A54', found 7766249 reads mapped out of 8403678 total (92.41%)
[2023-11-20T21:47:55Z INFO  coverm::genome] In sample 'A55', found 7185327 reads mapped out of 7779040 total (92.37%)
[2023-11-20T21:47:58Z INFO  coverm::genome] In sample 'A56', found 6549335 reads mapped out of 7222146 total (90.68%)
[2023-11-20T21:48:01Z INFO  coverm::genome] In sample 'A57', found 8913538 reads mapped out of 9972366 total (89.38%)
[2023-11-20T21:48:04Z INFO  coverm::genome] In sample 'A58', found 7506022 reads mapped out of 8146898 total (92.13%)
